Power Unit: nW
--------------------------------------------------------------------------------
Generated by: Joules(TM) RTL Power Solution, Version v19.11-s017_1 (Aug 26 2019 21:54:52)
Username : 20200969
Hostname : ES-EDA.ele.tue.nl (x86_64), OS: Linux 3.10.0-1160.15.2.el7.x86_64
Timestamp: 2022-08-03 13:26:30
Module: adder
Technology libraries: tcbn40lpbwptc_ecsm
Operating conditions: NCCOM
Interconnect mode: ple
--------------------------------------------------------------------------------
Command: report_power -inst /adder -type {leakage internal switching total} -by_hierarchy -indent_inst -cols {cells static internal switching dynamic total hier} -unit nW -format %.5e -header -out /home/20200969/Estimation/work/../sim/adder/reports/adder_10BW_70percent_payload.rpt -append
--------------------------------------------------------------------------------
PDB Frame : /stim#1/frame#0
---------------------------------------------------------------------------------------------------
Cells      Static    Internal   Switching     Dynamic       Total Instance                         
---------------------------------------------------------------------------------------------------
    5 2.80147e+00 2.97813e+03 1.75331e+03 4.73143e+03 4.73424e+03 /adder                           
    1 6.92263e-01 8.29731e+02 1.95765e+02 1.02550e+03 1.02619e+03 generate_N_bit_Adder[3].genblk1.f
    1 6.94357e-01 7.55713e+02 1.83402e+02 9.39115e+02 9.39809e+02 generate_N_bit_Adder[2].genblk1.f
    1 6.94723e-01 7.09450e+02 1.65414e+02 8.74864e+02 8.75559e+02 generate_N_bit_Adder[1].genblk1.f
    1 3.21034e-01 4.39833e+02 1.14614e+02 5.54446e+02 5.54767e+02 generate_N_bit_Adder[4].genblk1.f
    1 3.99094e-01 2.43401e+02 1.10749e+02 3.54150e+02 3.54549e+02 generate_N_bit_Adder[0].genblk1.f
---------------------------------------------------------------------------------------------------
