Power Unit: nW
--------------------------------------------------------------------------------
Generated by: Joules(TM) RTL Power Solution, Version v19.11-s017_1 (Aug 26 2019 21:54:52)
Username : 20200969
Hostname : ES-EDA.ele.tue.nl (x86_64), OS: Linux 3.10.0-1160.15.2.el7.x86_64
Timestamp: 2022-07-26 11:55:23
Module: adder
Technology libraries: tcbn40lpbwptc_ecsm
Operating conditions: NCCOM
Interconnect mode: ple
--------------------------------------------------------------------------------
Command: report_power -inst /adder -type {leakage internal switching total} -by_hierarchy -indent_inst -cols {cells static internal switching dynamic total hier} -unit nW -format %.5e -header -out /home/20200969/Estimation/work/../sim/adder/reports/adder_8BW_25percent_payload.rpt -append
--------------------------------------------------------------------------------
PDB Frame : /stim#1/frame#0
---------------------------------------------------------------------------------------------------
Cells      Static    Internal   Switching     Dynamic       Total Instance                         
---------------------------------------------------------------------------------------------------
    4 2.10110e+00 1.21744e+03 5.88672e+02 1.80611e+03 1.80821e+03 /adder                           
    1 6.91240e-01 4.09280e+02 9.02189e+01 4.99498e+02 5.00190e+02 generate_N_bit_Adder[2].genblk1.f
    1 6.89101e-01 3.94289e+02 8.64074e+01 4.80697e+02 4.81386e+02 generate_N_bit_Adder[1].genblk1.f
    1 3.22458e-01 2.47618e+02 6.41838e+01 3.11802e+02 3.12124e+02 generate_N_bit_Adder[3].genblk1.f
    1 3.98305e-01 1.66251e+02 6.80692e+01 2.34321e+02 2.34719e+02 generate_N_bit_Adder[0].genblk1.f
---------------------------------------------------------------------------------------------------
