Power Unit: nW
--------------------------------------------------------------------------------
Generated by: Joules(TM) RTL Power Solution, Version v19.11-s017_1 (Aug 26 2019 21:54:52)
Username : 20200969
Hostname : ES-EDA.ele.tue.nl (x86_64), OS: Linux 3.10.0-1160.15.2.el7.x86_64
Timestamp: 2022-08-03 13:19:54
Module: adder
Technology libraries: tcbn40lpbwptc_ecsm
Operating conditions: NCCOM
Interconnect mode: ple
--------------------------------------------------------------------------------
Command: report_power -inst /adder -type {leakage internal switching total} -by_hierarchy -indent_inst -cols {cells static internal switching dynamic total hier} -unit nW -format %.5e -header -out /home/20200969/Estimation/work/../sim/adder/reports/adder_8BW_38percent_payload.rpt -append
--------------------------------------------------------------------------------
PDB Frame : /stim#1/frame#0
---------------------------------------------------------------------------------------------------
Cells      Static    Internal   Switching     Dynamic       Total Instance                         
---------------------------------------------------------------------------------------------------
    4 2.10644e+00 1.84326e+03 9.05614e+02 2.74888e+03 2.75098e+03 /adder                           
    1 6.91139e-01 6.04103e+02 1.38606e+02 7.42708e+02 7.43399e+02 generate_N_bit_Adder[1].genblk1.f
    1 6.94506e-01 6.02630e+02 1.34559e+02 7.37189e+02 7.37883e+02 generate_N_bit_Adder[2].genblk1.f
    1 3.21911e-01 3.74720e+02 9.62757e+01 4.70995e+02 4.71317e+02 generate_N_bit_Adder[3].genblk1.f
    1 3.98884e-01 2.61808e+02 1.11098e+02 3.72907e+02 3.73305e+02 generate_N_bit_Adder[0].genblk1.f
---------------------------------------------------------------------------------------------------
