Power Unit: nW
--------------------------------------------------------------------------------
Generated by: Joules(TM) RTL Power Solution, Version v19.11-s017_1 (Aug 26 2019 21:54:52)
Username : 20200969
Hostname : ES-EDA.ele.tue.nl (x86_64), OS: Linux 3.10.0-1160.15.2.el7.x86_64
Timestamp: 2022-08-03 13:26:30
Module: adder
Technology libraries: tcbn40lpbwptc_ecsm
Operating conditions: NCCOM
Interconnect mode: ple
--------------------------------------------------------------------------------
Command: report_power -inst /adder -type {leakage internal switching total} -by_hierarchy -indent_inst -cols {cells static internal switching dynamic total hier} -unit nW -format %.5e -header -out /home/20200969/Estimation/work/../sim/adder/reports/adder_10BW_100percent_payload.rpt -append
--------------------------------------------------------------------------------
PDB Frame : /stim#1/frame#0
---------------------------------------------------------------------------------------------------
Cells      Static    Internal   Switching     Dynamic       Total Instance                         
---------------------------------------------------------------------------------------------------
    5 2.79349e+00 2.81045e+03 2.20432e+03 5.01477e+03 5.01756e+03 /adder                           
    1 6.91389e-01 7.62097e+02 2.03159e+02 9.65256e+02 9.65947e+02 generate_N_bit_Adder[1].genblk1.f
    1 6.91389e-01 7.61865e+02 2.03159e+02 9.65024e+02 9.65715e+02 generate_N_bit_Adder[2].genblk1.f
    1 6.91389e-01 7.61731e+02 1.92753e+02 9.54484e+02 9.55175e+02 generate_N_bit_Adder[3].genblk1.f
    1 3.20785e-01 3.18485e+02 8.25220e+01 4.01007e+02 4.01328e+02 generate_N_bit_Adder[4].genblk1.f
    1 3.98534e-01 2.06273e+02 1.20637e+02 3.26910e+02 3.27308e+02 generate_N_bit_Adder[0].genblk1.f
---------------------------------------------------------------------------------------------------
