Power Unit: nW
--------------------------------------------------------------------------------
Generated by: Joules(TM) RTL Power Solution, Version v19.11-s017_1 (Aug 26 2019 21:54:52)
Username : 20200969
Hostname : ES-EDA.ele.tue.nl (x86_64), OS: Linux 3.10.0-1160.15.2.el7.x86_64
Timestamp: 2022-07-26 11:56:52
Module: adder
Technology libraries: tcbn40lpbwptc_ecsm
Operating conditions: NCCOM
Interconnect mode: ple
--------------------------------------------------------------------------------
Command: report_power -inst /adder -type {leakage internal switching total} -by_hierarchy -indent_inst -cols {cells static internal switching dynamic total hier} -unit nW -format %.5e -header -out /home/20200969/Estimation/work/../sim/adder/reports/adder_10BW_60percent_payload.rpt -append
--------------------------------------------------------------------------------
PDB Frame : /stim#1/frame#0
---------------------------------------------------------------------------------------------------
Cells      Static    Internal   Switching     Dynamic       Total Instance                         
---------------------------------------------------------------------------------------------------
    5 2.80259e+00 3.44170e+03 1.75116e+03 5.19286e+03 5.19566e+03 /adder                           
    1 6.93259e-01 9.36346e+02 2.24811e+02 1.16116e+03 1.16185e+03 generate_N_bit_Adder[3].genblk1.f
    1 6.94357e-01 8.75149e+02 2.15145e+02 1.09029e+03 1.09099e+03 generate_N_bit_Adder[2].genblk1.f
    1 6.94357e-01 8.03679e+02 1.88337e+02 9.92015e+02 9.92710e+02 generate_N_bit_Adder[1].genblk1.f
    1 3.21524e-01 5.09551e+02 1.37537e+02 6.47088e+02 6.47409e+02 generate_N_bit_Adder[4].genblk1.f
    1 3.99094e-01 3.16980e+02 1.42491e+02 4.59471e+02 4.59870e+02 generate_N_bit_Adder[0].genblk1.f
---------------------------------------------------------------------------------------------------
