Power Unit: nW
--------------------------------------------------------------------------------
Generated by: Joules(TM) RTL Power Solution, Version v19.11-s017_1 (Aug 26 2019 21:54:52)
Username : 20200969
Hostname : ES-EDA.ele.tue.nl (x86_64), OS: Linux 3.10.0-1160.15.2.el7.x86_64
Timestamp: 2022-08-03 13:26:30
Module: adder
Technology libraries: tcbn40lpbwptc_ecsm
Operating conditions: NCCOM
Interconnect mode: ple
--------------------------------------------------------------------------------
Command: report_power -inst /adder -type {leakage internal switching total} -by_hierarchy -indent_inst -cols {cells static internal switching dynamic total hier} -unit nW -format %.5e -header -out /home/20200969/Estimation/work/../sim/adder/reports/adder_10BW_80percent_payload.rpt -append
--------------------------------------------------------------------------------
PDB Frame : /stim#1/frame#0
---------------------------------------------------------------------------------------------------
Cells      Static    Internal   Switching     Dynamic       Total Instance                         
---------------------------------------------------------------------------------------------------
    5 2.78942e+00 2.44892e+03 1.75488e+03 4.20380e+03 4.20659e+03 /adder                           
    1 6.96924e-01 7.70003e+02 1.82011e+02 9.52014e+02 9.52711e+02 generate_N_bit_Adder[3].genblk1.f
    1 7.02894e-01 6.42801e+02 1.62597e+02 8.05398e+02 8.06101e+02 generate_N_bit_Adder[2].genblk1.f
    1 6.87077e-01 4.91905e+02 1.11098e+02 6.03003e+02 6.03690e+02 generate_N_bit_Adder[1].genblk1.f
    1 3.09182e-01 3.72271e+02 9.62757e+01 4.68547e+02 4.68856e+02 generate_N_bit_Adder[4].genblk1.f
    1 3.93340e-01 1.71941e+02 7.90063e+01 2.50948e+02 2.51341e+02 generate_N_bit_Adder[0].genblk1.f
---------------------------------------------------------------------------------------------------
