Power Unit: nW
--------------------------------------------------------------------------------
Generated by: Joules(TM) RTL Power Solution, Version v19.11-s017_1 (Aug 26 2019 21:54:52)
Username : 20200969
Hostname : ES-EDA.ele.tue.nl (x86_64), OS: Linux 3.10.0-1160.15.2.el7.x86_64
Timestamp: 2022-08-03 13:19:55
Module: adder
Technology libraries: tcbn40lpbwptc_ecsm
Operating conditions: NCCOM
Interconnect mode: ple
--------------------------------------------------------------------------------
Command: report_power -inst /adder -type {leakage internal switching total} -by_hierarchy -indent_inst -cols {cells static internal switching dynamic total hier} -unit nW -format %.5e -header -out /home/20200969/Estimation/work/../sim/adder/reports/adder_8BW_88percent_payload.rpt -append
--------------------------------------------------------------------------------
PDB Frame : /stim#1/frame#0
---------------------------------------------------------------------------------------------------
Cells      Static    Internal   Switching     Dynamic       Total Instance                         
---------------------------------------------------------------------------------------------------
    4 2.10268e+00 1.64813e+03 1.42117e+03 3.06930e+03 3.07141e+03 /adder                           
    1 6.90826e-01 6.46318e+02 1.52964e+02 7.99282e+02 7.99973e+02 generate_N_bit_Adder[2].genblk1.f
    1 6.94978e-01 5.47052e+02 1.33322e+02 6.80374e+02 6.81069e+02 generate_N_bit_Adder[1].genblk1.f
    1 3.18343e-01 3.11350e+02 7.79374e+01 3.89287e+02 3.89606e+02 generate_N_bit_Adder[3].genblk1.f
    1 3.98534e-01 1.43412e+02 7.19547e+01 2.15366e+02 2.15765e+02 generate_N_bit_Adder[0].genblk1.f
---------------------------------------------------------------------------------------------------
