Power Unit: nW
--------------------------------------------------------------------------------
Generated by: Joules(TM) RTL Power Solution, Version v19.11-s017_1 (Aug 26 2019 21:54:52)
Username : 20200969
Hostname : ES-EDA.ele.tue.nl (x86_64), OS: Linux 3.10.0-1160.15.2.el7.x86_64
Timestamp: 2022-07-26 11:56:52
Module: adder
Technology libraries: tcbn40lpbwptc_ecsm
Operating conditions: NCCOM
Interconnect mode: ple
--------------------------------------------------------------------------------
Command: report_power -inst /adder -type {leakage internal switching total} -by_hierarchy -indent_inst -cols {cells static internal switching dynamic total hier} -unit nW -format %.5e -header -out /home/20200969/Estimation/work/../sim/adder/reports/adder_10BW_40percent_payload.rpt -append
--------------------------------------------------------------------------------
PDB Frame : /stim#1/frame#0
---------------------------------------------------------------------------------------------------
Cells      Static    Internal   Switching     Dynamic       Total Instance                         
---------------------------------------------------------------------------------------------------
    5 2.79571e+00 2.67344e+03 1.24589e+03 3.91933e+03 3.92212e+03 /adder                           
    1 6.96987e-01 6.70960e+02 1.49852e+02 8.20812e+02 8.21509e+02 generate_N_bit_Adder[3].genblk1.f
    1 6.87142e-01 6.56094e+02 1.54477e+02 8.10570e+02 8.11258e+02 generate_N_bit_Adder[1].genblk1.f
    1 7.04826e-01 6.51296e+02 1.54477e+02 8.05773e+02 8.06478e+02 generate_N_bit_Adder[2].genblk1.f
    1 3.11662e-01 4.02780e+02 1.05445e+02 5.08225e+02 5.08536e+02 generate_N_bit_Adder[4].genblk1.f
    1 3.95097e-01 2.92309e+02 1.22385e+02 4.14693e+02 4.15088e+02 generate_N_bit_Adder[0].genblk1.f
---------------------------------------------------------------------------------------------------
