Power Unit: nW
--------------------------------------------------------------------------------
Generated by: Joules(TM) RTL Power Solution, Version v19.11-s017_1 (Aug 26 2019 21:54:52)
Username : 20200969
Hostname : ES-EDA.ele.tue.nl (x86_64), OS: Linux 3.10.0-1160.15.2.el7.x86_64
Timestamp: 2022-07-26 11:56:52
Module: adder
Technology libraries: tcbn40lpbwptc_ecsm
Operating conditions: NCCOM
Interconnect mode: ple
--------------------------------------------------------------------------------
Command: report_power -inst /adder -type {leakage internal switching total} -by_hierarchy -indent_inst -cols {cells static internal switching dynamic total hier} -unit nW -format %.5e -header -out /home/20200969/Estimation/work/../sim/adder/reports/adder_10BW_90percent_payload.rpt -append
--------------------------------------------------------------------------------
PDB Frame : /stim#1/frame#0
---------------------------------------------------------------------------------------------------
Cells      Static    Internal   Switching     Dynamic       Total Instance                         
---------------------------------------------------------------------------------------------------
    5 2.79801e+00 2.22006e+03 1.84675e+03 4.06680e+03 4.06960e+03 /adder                           
    1 6.92359e-01 6.60614e+02 1.59088e+02 8.19702e+02 8.20394e+02 generate_N_bit_Adder[3].genblk1.f
    1 6.92682e-01 5.83268e+02 1.44608e+02 7.27876e+02 7.28569e+02 generate_N_bit_Adder[2].genblk1.f
    1 6.92842e-01 5.25221e+02 1.26620e+02 6.51841e+02 6.52534e+02 generate_N_bit_Adder[1].genblk1.f
    1 3.21034e-01 3.09494e+02 7.79374e+01 3.87431e+02 3.87752e+02 generate_N_bit_Adder[4].genblk1.f
    1 3.99094e-01 1.41461e+02 7.40722e+01 2.15533e+02 2.15932e+02 generate_N_bit_Adder[0].genblk1.f
---------------------------------------------------------------------------------------------------
