Power Unit: nW
--------------------------------------------------------------------------------
Generated by: Joules(TM) RTL Power Solution, Version v19.11-s017_1 (Aug 26 2019 21:54:52)
Username : 20200969
Hostname : ES-EDA.ele.tue.nl (x86_64), OS: Linux 3.10.0-1160.15.2.el7.x86_64
Timestamp: 2022-08-03 13:26:30
Module: adder
Technology libraries: tcbn40lpbwptc_ecsm
Operating conditions: NCCOM
Interconnect mode: ple
--------------------------------------------------------------------------------
Command: report_power -inst /adder -type {leakage internal switching total} -by_hierarchy -indent_inst -cols {cells static internal switching dynamic total hier} -unit nW -format %.5e -header -out /home/20200969/Estimation/work/../sim/adder/reports/adder_10BW_20percent_payload.rpt -append
--------------------------------------------------------------------------------
PDB Frame : /stim#1/frame#0
---------------------------------------------------------------------------------------------------
Cells      Static    Internal   Switching     Dynamic       Total Instance                         
---------------------------------------------------------------------------------------------------
    5 2.80815e+00 1.35744e+03 6.21513e+02 1.97895e+03 1.98176e+03 /adder                           
    1 6.95909e-01 3.60930e+02 8.18229e+01 4.42753e+02 4.43449e+02 generate_N_bit_Adder[2].genblk1.f
    1 6.94213e-01 3.32047e+02 7.72383e+01 4.09285e+02 4.09979e+02 generate_N_bit_Adder[1].genblk1.f
    1 6.94248e-01 3.32753e+02 7.49259e+01 4.07679e+02 4.08373e+02 generate_N_bit_Adder[3].genblk1.f
    1 3.22788e-01 1.93074e+02 5.04301e+01 2.43504e+02 2.43827e+02 generate_N_bit_Adder[4].genblk1.f
    1 4.00989e-01 1.38636e+02 5.89001e+01 1.97536e+02 1.97937e+02 generate_N_bit_Adder[0].genblk1.f
---------------------------------------------------------------------------------------------------
