Power Unit: nW
--------------------------------------------------------------------------------
Generated by: Joules(TM) RTL Power Solution, Version v19.11-s017_1 (Aug 26 2019 21:54:52)
Username : 20200969
Hostname : ES-EDA.ele.tue.nl (x86_64), OS: Linux 3.10.0-1160.15.2.el7.x86_64
Timestamp: 2022-08-03 13:19:54
Module: adder
Technology libraries: tcbn40lpbwptc_ecsm
Operating conditions: NCCOM
Interconnect mode: ple
--------------------------------------------------------------------------------
Command: report_power -inst /adder -type {leakage internal switching total} -by_hierarchy -indent_inst -cols {cells static internal switching dynamic total hier} -unit nW -format %.5e -header -out /home/20200969/Estimation/work/../sim/adder/reports/adder_8BW_62percent_payload.rpt -append
--------------------------------------------------------------------------------
PDB Frame : /stim#1/frame#0
---------------------------------------------------------------------------------------------------
Cells      Static    Internal   Switching     Dynamic       Total Instance                         
---------------------------------------------------------------------------------------------------
    4 2.10230e+00 2.42394e+03 1.35192e+03 3.77586e+03 3.77796e+03 /adder                           
    1 6.92276e-01 8.59866e+02 2.00349e+02 1.06021e+03 1.06091e+03 generate_N_bit_Adder[2].genblk1.f
    1 6.92801e-01 7.85680e+02 1.85869e+02 9.71550e+02 9.72242e+02 generate_N_bit_Adder[1].genblk1.f
    1 3.17187e-01 4.83895e+02 1.28368e+02 6.12262e+02 6.12579e+02 generate_N_bit_Adder[3].genblk1.f
    1 4.00039e-01 2.94495e+02 1.31204e+02 4.25699e+02 4.26099e+02 generate_N_bit_Adder[0].genblk1.f
---------------------------------------------------------------------------------------------------
