Power Unit: nW
--------------------------------------------------------------------------------
Generated by: Joules(TM) RTL Power Solution, Version v19.11-s017_1 (Aug 26 2019 21:54:52)
Username : 20200969
Hostname : ES-EDA.ele.tue.nl (x86_64), OS: Linux 3.10.0-1160.15.2.el7.x86_64
Timestamp: 2022-08-03 13:26:30
Module: adder
Technology libraries: tcbn40lpbwptc_ecsm
Operating conditions: NCCOM
Interconnect mode: ple
--------------------------------------------------------------------------------
Command: report_power -inst /adder -type {leakage internal switching total} -by_hierarchy -indent_inst -cols {cells static internal switching dynamic total hier} -unit nW -format %.5e -header -out /home/20200969/Estimation/work/../sim/adder/reports/adder_10BW_50percent_payload.rpt -append
--------------------------------------------------------------------------------
PDB Frame : /stim#1/frame#0
---------------------------------------------------------------------------------------------------
Cells      Static    Internal   Switching     Dynamic       Total Instance                         
---------------------------------------------------------------------------------------------------
    5 2.80341e+00 3.38723e+03 1.55934e+03 4.94657e+03 4.94937e+03 /adder                           
    1 6.94632e-01 8.48079e+02 1.95388e+02 1.04347e+03 1.04416e+03 generate_N_bit_Adder[1].genblk1.f
    1 6.94632e-01 8.47797e+02 1.95388e+02 1.04318e+03 1.04388e+03 generate_N_bit_Adder[2].genblk1.f
    1 6.94632e-01 8.47719e+02 1.89607e+02 1.03733e+03 1.03802e+03 generate_N_bit_Adder[3].genblk1.f
    1 3.19472e-01 4.97741e+02 1.28368e+02 6.26108e+02 6.26428e+02 generate_N_bit_Adder[4].genblk1.f
    1 4.00039e-01 3.45894e+02 1.49543e+02 4.95437e+02 4.95837e+02 generate_N_bit_Adder[0].genblk1.f
---------------------------------------------------------------------------------------------------
