Power Unit: nW
--------------------------------------------------------------------------------
Generated by: Joules(TM) RTL Power Solution, Version v19.11-s017_1 (Aug 26 2019 21:54:52)
Username : 20200969
Hostname : ES-EDA.ele.tue.nl (x86_64), OS: Linux 3.10.0-1160.15.2.el7.x86_64
Timestamp: 2022-07-26 11:56:52
Module: adder
Technology libraries: tcbn40lpbwptc_ecsm
Operating conditions: NCCOM
Interconnect mode: ple
--------------------------------------------------------------------------------
Command: report_power -inst /adder -type {leakage internal switching total} -by_hierarchy -indent_inst -cols {cells static internal switching dynamic total hier} -unit nW -format %.5e -header -out /home/20200969/Estimation/work/../sim/adder/reports/adder_10BW_10percent_payload.rpt -append
--------------------------------------------------------------------------------
PDB Frame : /stim#1/frame#0
---------------------------------------------------------------------------------------------------
Cells      Static    Internal   Switching     Dynamic       Total Instance                         
---------------------------------------------------------------------------------------------------
    5 2.81150e+00 6.92073e+02 3.09326e+02 1.00140e+03 1.00421e+03 /adder                           
    1 6.95909e-01 1.80465e+02 4.09114e+01 2.21377e+02 2.22073e+02 generate_N_bit_Adder[2].genblk1.f
    1 6.96684e-01 1.80414e+02 4.09114e+01 2.21326e+02 2.22023e+02 generate_N_bit_Adder[1].genblk1.f
    1 6.95135e-01 1.80575e+02 3.97552e+01 2.20330e+02 2.21025e+02 generate_N_bit_Adder[3].genblk1.f
    1 3.22788e-01 8.60966e+01 2.29228e+01 1.09019e+02 1.09342e+02 generate_N_bit_Adder[4].genblk1.f
    1 4.00989e-01 6.45219e+01 2.71578e+01 9.16796e+01 9.20806e+01 generate_N_bit_Adder[0].genblk1.f
---------------------------------------------------------------------------------------------------
