Power Unit: nW
--------------------------------------------------------------------------------
Generated by: Joules(TM) RTL Power Solution, Version v19.11-s017_1 (Aug 26 2019 21:54:52)
Username : 20200969
Hostname : ES-EDA.ele.tue.nl (x86_64), OS: Linux 3.10.0-1160.15.2.el7.x86_64
Timestamp: 2022-07-26 11:55:23
Module: adder
Technology libraries: tcbn40lpbwptc_ecsm
Operating conditions: NCCOM
Interconnect mode: ple
--------------------------------------------------------------------------------
Command: report_power -inst /adder -type {leakage internal switching total} -by_hierarchy -indent_inst -cols {cells static internal switching dynamic total hier} -unit nW -format %.5e -header -out /home/20200969/Estimation/work/../sim/adder/reports/adder_8BW_75percent_payload.rpt -append
--------------------------------------------------------------------------------
PDB Frame : /stim#1/frame#0
---------------------------------------------------------------------------------------------------
Cells      Static    Internal   Switching     Dynamic       Total Instance                         
---------------------------------------------------------------------------------------------------
    4 2.10425e+00 1.87727e+03 1.33247e+03 3.20974e+03 3.21184e+03 /adder                           
    1 6.94978e-01 6.81519e+02 1.57549e+02 8.39067e+02 8.39762e+02 generate_N_bit_Adder[2].genblk1.f
    1 6.92849e-01 5.93165e+02 1.31554e+02 7.24719e+02 7.25412e+02 generate_N_bit_Adder[1].genblk1.f
    1 3.18821e-01 3.95322e+02 1.00860e+02 4.96182e+02 4.96501e+02 generate_N_bit_Adder[3].genblk1.f
    1 3.97603e-01 2.07266e+02 9.48774e+01 3.02144e+02 3.02541e+02 generate_N_bit_Adder[0].genblk1.f
---------------------------------------------------------------------------------------------------
