Power Unit: nW
--------------------------------------------------------------------------------
Generated by: Joules(TM) RTL Power Solution, Version v19.11-s017_1 (Aug 26 2019 21:54:52)
Username : 20200969
Hostname : ES-EDA.ele.tue.nl (x86_64), OS: Linux 3.10.0-1160.15.2.el7.x86_64
Timestamp: 2022-07-26 11:56:52
Module: adder
Technology libraries: tcbn40lpbwptc_ecsm
Operating conditions: NCCOM
Interconnect mode: ple
--------------------------------------------------------------------------------
Command: report_power -inst /adder -type {leakage internal switching total} -by_hierarchy -indent_inst -cols {cells static internal switching dynamic total hier} -unit nW -format %.5e -header -out /home/20200969/Estimation/work/../sim/adder/reports/adder_10BW_30percent_payload.rpt -append
--------------------------------------------------------------------------------
PDB Frame : /stim#1/frame#0
---------------------------------------------------------------------------------------------------
Cells      Static    Internal   Switching     Dynamic       Total Instance                         
---------------------------------------------------------------------------------------------------
    5 2.80765e+00 2.02429e+03 9.33700e+02 2.95799e+03 2.96079e+03 /adder                           
    1 6.94798e-01 5.12486e+02 1.18150e+02 6.30636e+02 6.31331e+02 generate_N_bit_Adder[1].genblk1.f
    1 6.94989e-01 5.14065e+02 1.14681e+02 6.28746e+02 6.29441e+02 generate_N_bit_Adder[3].genblk1.f
    1 6.94082e-01 4.84849e+02 1.13565e+02 5.98414e+02 5.99108e+02 generate_N_bit_Adder[2].genblk1.f
    1 3.22788e-01 3.00051e+02 7.79374e+01 3.77989e+02 3.78312e+02 generate_N_bit_Adder[4].genblk1.f
    1 4.00989e-01 2.12834e+02 9.06424e+01 3.03477e+02 3.03878e+02 generate_N_bit_Adder[0].genblk1.f
---------------------------------------------------------------------------------------------------
