Power Unit: nW
--------------------------------------------------------------------------------
Generated by: Joules(TM) RTL Power Solution, Version v19.11-s017_1 (Aug 26 2019 21:54:52)
Username : 20200969
Hostname : ES-EDA.ele.tue.nl (x86_64), OS: Linux 3.10.0-1160.15.2.el7.x86_64
Timestamp: 2022-07-26 11:55:23
Module: adder
Technology libraries: tcbn40lpbwptc_ecsm
Operating conditions: NCCOM
Interconnect mode: ple
--------------------------------------------------------------------------------
Command: report_power -inst /adder -type {leakage internal switching total} -by_hierarchy -indent_inst -cols {cells static internal switching dynamic total hier} -unit nW -format %.5e -header -out /home/20200969/Estimation/work/../sim/adder/reports/adder_8BW_12percent_payload.rpt -append
--------------------------------------------------------------------------------
PDB Frame : /stim#1/frame#0
---------------------------------------------------------------------------------------------------
Cells      Static    Internal   Switching     Dynamic       Total Instance                         
---------------------------------------------------------------------------------------------------
    4 2.09539e+00 6.08186e+02 2.87718e+02 8.95904e+02 8.98000e+02 /adder                           
    1 6.88974e-01 2.13879e+02 4.54960e+01 2.59375e+02 2.60064e+02 generate_N_bit_Adder[1].genblk1.f
    1 6.89124e-01 2.11504e+02 4.43398e+01 2.55844e+02 2.56533e+02 generate_N_bit_Adder[2].genblk1.f
    1 3.21669e-01 1.07475e+02 2.75073e+01 1.34983e+02 1.35304e+02 generate_N_bit_Adder[3].genblk1.f
    1 3.95620e-01 7.53273e+01 3.17423e+01 1.07070e+02 1.07465e+02 generate_N_bit_Adder[0].genblk1.f
---------------------------------------------------------------------------------------------------
