Start at Tue Sep  6 17:30:15 2022


stratus_hls 19.25-s100  (93142.260418)
Copyright (c) 2020 Cadence Design Systems, Inc. All rights reserved worldwide.

        00481: -D is set to "__x86_64__, STRATUS=1, STRATUS_HLS=1, CYNTHESIZER,
        00481.   CYNTHHL, CLOCK_PERIOD=10, DPOPT=1, BDW_RTL_fir_DPOPT=1,
        00481.   ioConfig_PIN, _p_ioConfig_PIN, ioConfig=PIN,
        00481.   _wrap_ioConfig=PIN, USE_DPOPT".
        00481: -I is set to "., bdw_work/wrappers,
        00481.   /opt/tools/cadence/2019-20/RHELx86/STRATUS_19.25/share/stratus/include,
        00481.   /opt/tools/cadence/2019-20/RHELx86/STRATUS_19.25/share/stratus/include,
        00481.   /opt/tools/cadence/2019-20/RHELx86/STRATUS_19.25/tools.lnx86/stratus/systemc/2.3.1/include".
        00481: -U is not set.
        00481: --abort_level is set to "FATAL".
        00481: --allow_pipeline_loop_expansion is set to "on".
        00481: --attrib_value is not set.
        00481: --balance_expr is set to "off".
        00481: --cachelib is set to "on".
        00481: --cachelib_dir is not set.
        00481: --cap_table_file is not set.
        00481: --clock_gating_module is not set.
        00481: --clock_period is set to "10.000".
        00481: --comm_subexp_elim is set to "off".
        00481: --constrain_multiport_mem_distance is set to "on".
        00481: --cycle_slack is set to "0.000".
        00481: --default_input_delay is set to "0.100".
        00481: --default_preserve_io is set to "off".
        00481: --default_protocol is set to "off".
        00481: --default_stable_input_delay is not set.
        00481: --dont_ungroup_name is not set.
        00481: --dont_ungroup_type is set to "none".
        00481: --dpopt_auto is set to "op".
        00481: --dpopt_effort is set to "normal".
        00481: --dpopt_with_enable is set to "off".
        00481: --eco_baseline is not set.
        00481: --eco_sharing is set to "off".
        00481: --fail_level is set to "ERROR".
        00481: --fixed_reset is set to "off".
        00481: --flatten_arrays is set to "all".
        00481: --fpga_dsp_latency is set to "2".
        00481: --fpga_dsp_min_widths is set to "12,12".
        00481: --fpga_part is not set.
        00481: --fpga_tool is not set.
        00481: --fpga_use_dsp is set to "off".
        00481: --global_state_encoding is set to "binary".
        00481: --help is not set.
        00481: --hls_config is set to "DPOPT".
        00481: --hls_module is set to "fir".
        00481: --ignore_cells is not set.
        00481: --ignore_scan_cells is set to "off".
        00481: --inline_partial_constants is set to "off".
        00481: --interconnect_mode is set to "wireload".
        00481: --lef_library is not set.
        00481: --logfile is set to "bdw_work/modules/fir/DPOPT/stratus_hls.log".
        00481: --lsb_trimming is set to "off".
        00481: --message_detail is set to "2".
        00481: --message_level is not set.
        00481: --message_suppress is not set.
        00481: --method_processing is set to "synthesize".
        00481: --mux_pushing is set to "on".
        00481: --number_of_routing_layers is not set.
        00481: --output is set to "fir_rtl.cc".
        00481: --output_dir is set to "bdw_work/modules/fir/DPOPT".
        00481: --output_style_fp_rtl_same_arch is set to "off".
        00481: --output_style_fsm_increment is set to "on".
        00481: --output_style_mem is set to "array".
        00481: --output_style_mux is set to "expl_case".
        00481: --output_style_parts is set to "rtl".
        00481: --output_style_pipelined_parts is set to "generic".
        00481: --output_style_reset_all is set to "off".
        00481: --output_style_reset_all_async is set to "on".
        00481: --output_style_reset_all_sync is set to "off".
        00481: --output_style_separate_behaviors is set to "off".
        00481: --output_style_separate_memories is set to "off".
        00481: --output_style_starc is set to "S2.2.2.2,S2.2.3.1,S2.3.1.1".
        00481: --output_style_structure_only is set to "off".
        00481: --output_style_two_part_fsm is set to "on".
        00481: --output_style_ungroup_parts is set to "on".
        00481: --parts_effort is set to "high".
        00481: --parts_lib is not set.
        00481: --parts_lib_path is not set.
        00481: --path_delay_limit is set to "120".
        00481: --path_delay_limit_unshare_regs is set to "on".
        00481: --pipelined_parts is set to "on".
        00481: --port_conns is set to "named".
        00481: --power is set to "off".
        00481: --power_clock_gating is set to "off".
        00481: --power_fsm is set to "off".
        00481: --power_memory is set to "off".
        00481: --prints is set to "off".
        00481: --project is set to "project.tcl".
        00481: --qrc_tech_file is not set.
        00481: --register_fsm_mux_selects is set to "on".
        00481: --relax_timing is set to "off".
        00481: --rtl_annotation is set to "op,stack".
        00481: --run_through is set to "rtl".
        00481: --scale_of_cap_per_unit_len is not set.
        00481: --scale_of_res_per_unit_len is not set.
        00481: --sched_analysis is set to "on_failure".
        00481: --sched_asap is set to "off".
        00481: --sched_effort is set to "medium".
        00481: --sharing_effort_parts is set to "high".
        00481: --sharing_effort_regs is set to "high".
        00481: --shift_trimming is set to "standard".
        00481: --simple_index_mapping is set to "off".
        00481: --split_add is set to "0".
        00481: --split_multiply is set to "0".
        00481: --src_file is set to "fir.cc".
        00481: --summary_level is set to "WARNING".
        00481: --switch_optimizer is set to "on".
        00481: --synthesize_asserts is set to "off".
        00481: --tech_lib is set to "/home_old/tech/tsmc/40nm/TSMCHOME/digital/Front_End/timing_power_noise/ECSM/tcbn40lpbwp_120b/tcbn40lpbwpwc_ecsm.lib".
        00481: --timing_aggression is set to "off".
        00481: --undef_func is set to "warn".
        00481: --unroll_loops is set to "off".
        00481: --unsupported_lib_func is set to "error".
        00481: --verilog_dialect is set to "1995".
        00481: --wait_for_license is set to "off".
        00481: --wireload is not set.
   NOTE 03065: Control flow zipping is enabled
   NOTE 01483: Using cmdesigner 2019.1.04.8090 (04221127).
   NOTE 01727: Using Genus 19.11-s087_1.

        01425: Loading design and library files:
        01279:   All time values are in "ns".
   NOTE 01277:   Using a clock period of 10.000ns.
        01824:     Physical estimation options:
        01825:       interconnect_mode .......... wireload
        01825:       techlib ....................
        01825.         /home_old/tech/tsmc/40nm/TSMCHOME/digital/Front_End/timing_power_noise/ECSM/tcbn40lpbwp_120b/tcbn40lpbwpwc_ecsm.lib
        00967:   Processing library
        02788:       Using cached results for cyn_reg_estimate_1
        01472:       Register Metrics:
        01440:          Register Type          Area              Delay (ns)
        01440.         --------------   -------------------   ---------------
        01440.         EN SS SC AS AC   Total   Comb    Seq     Prop    Setup
        01440.         -- -- -- -- --   -----  -----  -----   ------   ------
        01438:          0  0  0  0  0     3.5    0.0    3.5    0.207    0.045
        01438:          0  0  0  0  1     4.1    0.0    4.1    0.229    0.051
        01438:          0  0  0  1  0     4.2    0.0    4.2    0.212    0.049
        01438:          0  0  0  1  1     4.9    0.0    4.9    0.246    0.048
        01438:          0  0  1  0  0     3.9    0.0    3.9    0.212    0.108
        01438:          0  0  1  0  1     5.1    1.1    4.1    0.229    0.118
        01438:          0  0  1  1  0     5.3    0.7    4.6    0.284    0.080
        01438:          0  0  1  1  1     5.8    0.7    5.1    0.331    0.083
        01438:          0  1  0  0  0     4.6    0.7    3.9    0.250    0.096
        01438:          0  1  0  0  1     5.1    1.1    4.1    0.229    0.103
        01438:          0  1  0  1  0     5.3    0.7    4.6    0.284    0.102
        01438:          0  1  0  1  1     5.8    0.7    5.1    0.331    0.097
        01438:          0  1  1  0  0     4.8    1.2    3.5    0.207    0.114
        01438:          0  1  1  0  1     5.3    1.2    4.1    0.229    0.119
        01438:          0  1  1  1  0     5.5    1.2    4.2    0.212    0.117
        01438:          0  1  1  1  1     6.2    1.1    5.1    0.331    0.108
        01438:          1  0  0  0  0     4.8    0.0    4.8    0.210    0.174
        01438:          1  0  0  0  1     5.3    0.0    5.3    0.226    0.228
        01438:          1  0  0  1  0     5.6    0.0    5.6    0.221    0.248
        01438:          1  0  0  1  1     6.0    0.0    6.0    0.249    0.274
        01438:          1  0  1  0  0     5.6    0.5    5.1    0.206    0.269
        01438:          1  0  1  0  1     6.4    1.1    5.3    0.226    0.288
        01438:          1  0  1  1  0     6.5    0.7    5.8    0.306    0.202
        01438:          1  0  1  1  1     7.1    1.1    6.0    0.249    0.325
        01438:          1  1  0  0  0     5.6    1.2    4.4    0.194    0.269
        01438:          1  1  0  0  1     6.4    1.1    5.3    0.226    0.308
        01438:          1  1  0  1  0     6.5    0.7    5.8    0.306    0.226
        01438:          1  1  0  1  1     7.1    1.1    6.0    0.249    0.354
        01438:          1  1  1  0  0     6.0    1.2    4.8    0.210    0.253
        01438:          1  1  1  0  1     6.5    1.2    5.3    0.226    0.315
        01438:          1  1  1  1  0     6.9    1.1    5.8    0.306    0.237
        01438:          1  1  1  1  1     7.2    1.2    6.0    0.249    0.362
   NOTE 01037:     Characterizing multiplexors up to 1 bits by 33 inputs.
        02788:       Using cached results for cyn_mux_estimate_3
        01429:       Binary Multiplexor Metrics:
        01431:         Bitwidth    Num Inputs      Area    Delay (ns)
        01430:     1            2          1.95      0.082
        01430:     1            3          3.19      0.158
        01430:     1            4          4.76      0.158
        01430:     1            5          6.34      0.235
        01430:     1            8         11.06      0.235
        01430:     1            9         12.63      0.311
        01430:     1           16         23.66      0.311
        01430:     1           17         25.23      0.388
        01430:     1           32         48.85      0.388
        01430:     1           33         50.42      0.465
        01429:       Onehot Multiplexor Metrics:
        01431:         Bitwidth    Num Inputs      Area    Delay (ns)
        01430:     1            2          1.84      0.067
        01430:     1            3          2.52      0.130
        01430:     1            4          3.40      0.130
        01430:     1            5          4.27      0.168
        01430:     1            8          6.91      0.168
        01430:     1            9          7.79      0.207
        01430:     1           16         13.94      0.207
        01430:     1           17         14.82      0.245
        01430:     1           32         27.99      0.245
        01430:     1           33         28.87      0.283

        00148: Normalization and optimization:
   NOTE 00860:   Long int data types are being implemented with 64 bits.
        02923:   Dissolving function boundaries.
        02924:   Dissolved 313 function calls.
   NOTE 00491: at /opt/tools/cadence/2019-20/RHELx86/STRATUS_19.25/share/stratus/include/cynw_p2p.h
   NOTE 00491.   line 1506 (in reset())
   NOTE 00491.     called from fir.cc line 33
   NOTE 00491.   This HLS_DEFINE_PROTOCOL directive is ignored because it is
   NOTE 00491.   within another HLS_DEFINE_PROTOCOL block, starting at fir.cc
   NOTE 00491.   line 31.
   NOTE 00491: at /opt/tools/cadence/2019-20/RHELx86/STRATUS_19.25/share/stratus/include/cynw_p2p.h
   NOTE 00491.   line 5085 (in reset())
   NOTE 00491.     called from fir.cc line 34
   NOTE 00491.   This HLS_DEFINE_PROTOCOL directive is ignored because it is
   NOTE 00491.   within another HLS_DEFINE_PROTOCOL block, starting at fir.cc
   NOTE 00491.   line 31.
   NOTE 00491: at /opt/tools/cadence/2019-20/RHELx86/STRATUS_19.25/share/stratus/include/cynw_comm_util.h
   NOTE 00491.   line 1365 (in reset())
   NOTE 00491.     called from /opt/tools/cadence/2019-20/RHELx86/STRATUS_19.25/share/stratus/include/cynw_p2p.h
   NOTE 00491.   line 5088 (in reset())
   NOTE 00491.     called from fir.cc line 34
   NOTE 00491.   This HLS_DEFINE_PROTOCOL directive is ignored because it is
   NOTE 00491.   within another HLS_DEFINE_PROTOCOL block, starting at fir.cc
   NOTE 00491.   line 31.
   NOTE 00491: at /opt/tools/cadence/2019-20/RHELx86/STRATUS_19.25/share/stratus/include/cynw_p2p.h
   NOTE 00491.   line 1590 (in get_start())
   NOTE 00491.     called from line 1455 (in get())
   NOTE 00491.     called from fir.cc line 47
   NOTE 00491.   This HLS_DEFINE_PROTOCOL directive is ignored because it is
   NOTE 00491.   within another HLS_DEFINE_PROTOCOL block, starting at
   NOTE 00491.   /opt/tools/cadence/2019-20/RHELx86/STRATUS_19.25/share/stratus/include/cynw_p2p.h
   NOTE 00491.   line 1449.
   NOTE 00491: at /opt/tools/cadence/2019-20/RHELx86/STRATUS_19.25/share/stratus/include/cynw_p2p.h
   NOTE 00491.   line 1625 (in set_use_stall_reg())
   NOTE 00491.     called from line 1612 (in get_start())
   NOTE 00491.     called from line 1455 (in get())
   NOTE 00491.     called from fir.cc line 47
   NOTE 00491.   This HLS_DEFINE_PROTOCOL directive is ignored because it is
   NOTE 00491.   within another HLS_DEFINE_PROTOCOL block, starting at
   NOTE 00491.   /opt/tools/cadence/2019-20/RHELx86/STRATUS_19.25/share/stratus/include/cynw_p2p.h
   NOTE 00491.   line 1449.
   NOTE 00491: at /opt/tools/cadence/2019-20/RHELx86/STRATUS_19.25/share/stratus/include/cynw_p2p.h
   NOTE 00491.   line 1578 (in nb_can_get())
   NOTE 00491.     called from line 1476 (in get())
   NOTE 00491.     called from fir.cc line 47
   NOTE 00491.   This HLS_DEFINE_PROTOCOL directive is ignored because it is
   NOTE 00491.   within another HLS_DEFINE_PROTOCOL block, starting at
   NOTE 00491.   /opt/tools/cadence/2019-20/RHELx86/STRATUS_19.25/share/stratus/include/cynw_p2p.h
   NOTE 00491.   line 1449.
   NOTE 00491: at /opt/tools/cadence/2019-20/RHELx86/STRATUS_19.25/share/stratus/include/cynw_p2p.h
   NOTE 00491.   line 1618 (in get_end())
   NOTE 00491.     called from line 1478 (in get())
   NOTE 00491.     called from fir.cc line 47
   NOTE 00491.   This HLS_DEFINE_PROTOCOL directive is ignored because it is
   NOTE 00491.   within another HLS_DEFINE_PROTOCOL block, starting at
   NOTE 00491.   /opt/tools/cadence/2019-20/RHELx86/STRATUS_19.25/share/stratus/include/cynw_p2p.h
   NOTE 00491.   line 1449.
   NOTE 00491: at /opt/tools/cadence/2019-20/RHELx86/STRATUS_19.25/share/stratus/include/cynw_p2p.h
   NOTE 00491.   line 1537 (in nb_get())
   NOTE 00491.     called from line 1481 (in get())
   NOTE 00491.     called from fir.cc line 47
   NOTE 00491.   This HLS_DEFINE_PROTOCOL directive is ignored because it is
   NOTE 00491.   within another HLS_DEFINE_PROTOCOL block, starting at
   NOTE 00491.   /opt/tools/cadence/2019-20/RHELx86/STRATUS_19.25/share/stratus/include/cynw_p2p.h
   NOTE 00491.   line 1449.
   NOTE 00491: at /opt/tools/cadence/2019-20/RHELx86/STRATUS_19.25/share/stratus/include/cynw_p2p.h
   NOTE 00491.   line 1578 (in nb_can_get())
   NOTE 00491.     called from line 1560 (in nb_get())
   NOTE 00491.     called from line 1481 (in get())
   NOTE 00491.     called from fir.cc line 47
   NOTE 00491.   This HLS_DEFINE_PROTOCOL directive is ignored because it is
   NOTE 00491.   within another HLS_DEFINE_PROTOCOL block, starting at
   NOTE 00491.   /opt/tools/cadence/2019-20/RHELx86/STRATUS_19.25/share/stratus/include/cynw_p2p.h
   NOTE 00491.   line 1449.
   NOTE 00491: at /opt/tools/cadence/2019-20/RHELx86/STRATUS_19.25/share/stratus/include/cynw_p2p.h
   NOTE 00491.   line 5263 (in nb_put_work())
   NOTE 00491.     called from line 5064 (in put())
   NOTE 00491.     called from fir.cc line 60
   NOTE 00491.   This HLS_DEFINE_PROTOCOL directive is ignored because it is
   NOTE 00491.   within another HLS_DEFINE_PROTOCOL block, starting at
   NOTE 00491.   /opt/tools/cadence/2019-20/RHELx86/STRATUS_19.25/share/stratus/include/cynw_p2p.h
   NOTE 00491.   line 5030.
   NOTE 00491: at /opt/tools/cadence/2019-20/RHELx86/STRATUS_19.25/share/stratus/include/cynw_comm_util.h
   NOTE 00491.   line 1354 (in trig())
   NOTE 00491.     called from /opt/tools/cadence/2019-20/RHELx86/STRATUS_19.25/share/stratus/include/cynw_p2p.h
   NOTE 00491.   line 5280 (in nb_put_work())
   NOTE 00491.     called from line 5064 (in put())
   NOTE 00491.     called from fir.cc line 60
   NOTE 00491.   This HLS_DEFINE_PROTOCOL directive is ignored because it is
   NOTE 00491.   within another HLS_DEFINE_PROTOCOL block, starting at
   NOTE 00491.   /opt/tools/cadence/2019-20/RHELx86/STRATUS_19.25/share/stratus/include/cynw_p2p.h
   NOTE 00491.   line 5030.
        01351:   at fir.cc line 27
        01351.     Preprocessing thread fir::FirThread
        00116:   at /opt/tools/cadence/2019-20/RHELx86/STRATUS_19.25/share/stratus/include/cynw_p2p.h
        00116.     line 1733
        00116.     Optimizing method fir::gen_busy
        00116:   at /opt/tools/cadence/2019-20/RHELx86/STRATUS_19.25/share/stratus/include/cynw_p2p.h
        00116.     line 1796
        00116.     Optimizing method fir::gen_unvalidated_req
        00116:   at /opt/tools/cadence/2019-20/RHELx86/STRATUS_19.25/share/stratus/include/cynw_p2p.h
        00116.     line 1901
        00116.     Optimizing method fir::gen_local_busy
        00116:   at /opt/tools/cadence/2019-20/RHELx86/STRATUS_19.25/share/stratus/include/cynw_p2p.h
        00116.     line 1819
        00116.     Optimizing method fir::gen_do_stall_reg
        00116:   at /opt/tools/cadence/2019-20/RHELx86/STRATUS_19.25/share/stratus/include/cynw_p2p.h
        00116.     line 1839
        00116.     Optimizing method fir::gen_do_stall_reg_full
        00116:   at /opt/tools/cadence/2019-20/RHELx86/STRATUS_19.25/share/stratus/include/cynw_p2p.h
        00116.     line 1859
        00116.     Optimizing method fir::gen_do_reg_data
        00116:   at /opt/tools/cadence/2019-20/RHELx86/STRATUS_19.25/share/stratus/include/cynw_p2p.h
        00116.     line 1877
        00116.     Optimizing method fir::gen_do_reg_vld
        00116:   at /opt/tools/cadence/2019-20/RHELx86/STRATUS_19.25/share/stratus/include/cynw_p2p.h
        00116.     line 5140
        00116.     Optimizing method fir::gen_vld
        00116:   at /opt/tools/cadence/2019-20/RHELx86/STRATUS_19.25/share/stratus/include/cynw_p2p.h
        00116.     line 5151
        00116.     Optimizing method fir::gen_unacked_req
        00116:   at /opt/tools/cadence/2019-20/RHELx86/STRATUS_19.25/share/stratus/include/cynw_p2p.h
        00116.     line 5167
        00116.     Optimizing method fir::gen_stalling
        00116:   at /opt/tools/cadence/2019-20/RHELx86/STRATUS_19.25/share/stratus/include/cynw_p2p.h
        00116.     line 5180
        00116.     Optimizing method fir::gen_out_busy
        00116:   at /opt/tools/cadence/2019-20/RHELx86/STRATUS_19.25/share/stratus/include/cynw_comm_util.h
        00116.     line 1401
        00116.     Optimizing method fir::gen_active
        00116:   at /opt/tools/cadence/2019-20/RHELx86/STRATUS_19.25/share/stratus/include/cynw_comm_util.h
        00116.     line 1413
        00116.     Optimizing method fir::gen_prev_trig_reg
        00116:   at /opt/tools/cadence/2019-20/RHELx86/STRATUS_19.25/share/stratus/include/cynw_comm_util.h
        00116.     line 1428
        00116.     Optimizing method fir::gen_next_trig_req_reg
        00116:   at /opt/tools/cadence/2019-20/RHELx86/STRATUS_19.25/share/stratus/include/cynw_comm_util.h
        00116.     line 1443
        00116.     Optimizing method fir::gen_next_trig_reg
        00116:   at fir.cc line 27
        00116.     Optimizing thread fir::FirThread
        00305:     793 nodes
        00306:     Optimize: pass 1..
        00305:     752 nodes
        00306:     Optimize: pass 2.
   NOTE 00300:       at /opt/tools/cadence/2019-20/RHELx86/STRATUS_19.25/share/stratus/include/cynw_p2p.h
   NOTE 00300.         line 5072 (in put())
   NOTE 00300.           called from fir.cc line 60
   NOTE 00300.         Detected stall condition: (dout_m_stalling == 1ULL)
   NOTE 00300:       at /opt/tools/cadence/2019-20/RHELx86/STRATUS_19.25/share/stratus/include/cynw_p2p.h
   NOTE 00300.         line 1464 (in get())
   NOTE 00300.           called from fir.cc line 47
   NOTE 00300.         Detected stall condition: (din_m_data_is_invalid ==
   NOTE 00300.         1ULL)
        00305:     748 nodes
        00306:     Optimize: pass 3...
        00305:     744 nodes
        00306:     Optimize: pass 4.
        00305:     776 nodes
        00306:     Optimize: pass 5.
   NOTE 00494:       at fir.cc line 54
   NOTE 00494.         Created dpopt part for "multiply".
        00305:     829 nodes
        00306:     Optimize: pass 6...
        00305:     748 nodes
        00306:     Optimize: pass 7..
        00305:     744 nodes
        00306:     Optimize: pass 8.
        00288:     at fir.cc line 45
        00288.       Unrolling loop 7 times because it is inside a pipeline.
        00288:     at fir.cc line 51
        00288.       Unrolling loop 8 times because it is inside a pipeline.
        00305:     1071 nodes
        00306:     Optimize: pass 9....
        00305:     812 nodes
        00306:     Optimize: pass 10..
        00305:     803 nodes
        00306:     Optimize: pass 11.
        00258:       at fir.cc line 37
        00258.         Array shift_reg, 8 words x 8 bits (64 total bits), HAS
        00258.         been flattened into 8, 8 bit scalar variables because
        00258.         --flatten_array is not set to "none".
        00258:       at defines.h line 39
        00258.         Array coeffs.table, 8 words x 8 bits (64 total bits),
        00258.         HAS been flattened into 8, 8 bit scalar variables
        00258.         because --flatten_array is not set to "none".
        00305:     725 nodes
        00306:     Optimize: pass 12..
        00305:     706 nodes
        00306:     Optimize: pass 13.
        00305:     706 nodes
        00306:     Optimize: pass 14.
        00305:     706 nodes
        00306:     Optimize: pass 15.
        02831:       at /opt/tools/cadence/2019-20/RHELx86/STRATUS_19.25/share/stratus/include/cynw_p2p.h
        02831.         line 1551
        02831.         Converting control branching to datapath elements. (9
        02831.         bits multiplexed)
        00305:     658 nodes
        00306:     Optimize: pass 16..
        00305:     655 nodes
        00306:     Optimize: pass 17.
        00305:     654 nodes
        00306:     Optimize: pass 18..
        00305:     652 nodes
        00306:     Optimize: pass 19.
        00305:     621 nodes
        00306:     Optimize: pass 20.
        00305:     581 nodes
        00306:     Optimize: pass 21.
        00305:     606 nodes
        00306:     Optimize: pass 22.
        00305:     606 nodes
        00306:     Optimize: pass 23.
        00289:       at fir.cc line 40
        00289.         This loop is not being unrolled because it has been
        00289.         pipelined.
        00116:   at /opt/tools/cadence/2019-20/RHELx86/STRATUS_19.25/share/stratus/include/cynw_p2p.h
        00116.     line 1733
        00116.     Optimizing method fir::gen_busy
        00305:     175 nodes
        00306:     Optimize: pass 1.
        00305:     157 nodes
        00306:     Optimize: pass 2.
        00305:     181 nodes
        00306:     Optimize: pass 3...
        00305:     160 nodes
        00306:     Optimize: pass 4.
        00305:     160 nodes
        00306:     Optimize: pass 5.
        00305:     160 nodes
        00306:     Optimize: pass 6.
        00305:     177 nodes
        00306:     Optimize: pass 7..
        00305:     171 nodes
        00306:     Optimize: pass 8.
        00305:     171 nodes
        00306:     Optimize: pass 9.
        00116:   at /opt/tools/cadence/2019-20/RHELx86/STRATUS_19.25/share/stratus/include/cynw_p2p.h
        00116.     line 1796
        00116.     Optimizing method fir::gen_unvalidated_req
        00305:     341 nodes
        00306:     Optimize: pass 1..
        00305:     230 nodes
        00306:     Optimize: pass 2.
        00305:     249 nodes
        00306:     Optimize: pass 3.
        00305:     249 nodes
        00306:     Optimize: pass 4.
        00305:     249 nodes
        00306:     Optimize: pass 5.
        02831:       at /opt/tools/cadence/2019-20/RHELx86/STRATUS_19.25/share/stratus/include/cynw_p2p.h
        02831.         line 1806
        02831.         Converting control branching to datapath elements. (11
        02831.         bits multiplexed)
        00305:     229 nodes
        00306:     Optimize: pass 6..
        00305:     226 nodes
        00306:     Optimize: pass 7.
        00305:     225 nodes
        00306:     Optimize: pass 8..
        00305:     224 nodes
        00306:     Optimize: pass 9.
        00305:     213 nodes
        00306:     Optimize: pass 10.
        00116:   at /opt/tools/cadence/2019-20/RHELx86/STRATUS_19.25/share/stratus/include/cynw_p2p.h
        00116.     line 1901
        00116.     Optimizing method fir::gen_local_busy
        00305:     44 nodes
        00306:     Optimize: pass 1.
        00305:     50 nodes
        00306:     Optimize: pass 2..
        00305:     44 nodes
        00306:     Optimize: pass 3.
        00305:     44 nodes
        00306:     Optimize: pass 4.
        00305:     44 nodes
        00306:     Optimize: pass 5.
        00305:     44 nodes
        00306:     Optimize: pass 6.
        00116:   at /opt/tools/cadence/2019-20/RHELx86/STRATUS_19.25/share/stratus/include/cynw_p2p.h
        00116.     line 1819
        00116.     Optimizing method fir::gen_do_stall_reg
        00305:     149 nodes
        00306:     Optimize: pass 1.
        00305:     168 nodes
        00306:     Optimize: pass 2.
        00305:     168 nodes
        00306:     Optimize: pass 3.
        00305:     168 nodes
        00306:     Optimize: pass 4.
   NOTE 00472: at /opt/tools/cadence/2019-20/RHELx86/STRATUS_19.25/share/stratus/include/cynw_p2p.h
   NOTE 00472.   line 1826
   NOTE 00472.   Not converting control into datapath due to HLS_REMOVE_CONTROL
   NOTE 00472.   directive.
        00305:     176 nodes
        00306:     Optimize: pass 5.
        00305:     176 nodes
        00306:     Optimize: pass 6.
        02835:       at /opt/tools/cadence/2019-20/RHELx86/STRATUS_19.25/share/stratus/include/cynw_p2p.h
        02835.         line 1824
        02835.         Not converting control branching to datapath elements
        02835.         because a statement has side effects (i.e. printf()).
        00116:   at /opt/tools/cadence/2019-20/RHELx86/STRATUS_19.25/share/stratus/include/cynw_p2p.h
        00116.     line 1839
        00116.     Optimizing method fir::gen_do_stall_reg_full
        00305:     271 nodes
        00306:     Optimize: pass 1..
        00305:     181 nodes
        00306:     Optimize: pass 2.
        00305:     187 nodes
        00306:     Optimize: pass 3..
        00305:     184 nodes
        00306:     Optimize: pass 4.
        00305:     184 nodes
        00306:     Optimize: pass 5.
        00305:     184 nodes
        00306:     Optimize: pass 6.
        00305:     184 nodes
        00306:     Optimize: pass 7..
        00305:     181 nodes
        00306:     Optimize: pass 8.
        00305:     181 nodes
        00306:     Optimize: pass 9.
        00116:   at /opt/tools/cadence/2019-20/RHELx86/STRATUS_19.25/share/stratus/include/cynw_p2p.h
        00116.     line 1859
        00116.     Optimizing method fir::gen_do_reg_data
        00305:     142 nodes
        00306:     Optimize: pass 1.
        00305:     141 nodes
        00306:     Optimize: pass 2.
        00305:     160 nodes
        00306:     Optimize: pass 3.
        00305:     160 nodes
        00306:     Optimize: pass 4.
        00305:     160 nodes
        00306:     Optimize: pass 5.
   NOTE 00472: at /opt/tools/cadence/2019-20/RHELx86/STRATUS_19.25/share/stratus/include/cynw_p2p.h
   NOTE 00472.   line 1865
   NOTE 00472.   Not converting control into datapath due to HLS_REMOVE_CONTROL
   NOTE 00472.   directive.
        00305:     162 nodes
        00306:     Optimize: pass 6.
        00305:     162 nodes
        00306:     Optimize: pass 7.
        02835:       at /opt/tools/cadence/2019-20/RHELx86/STRATUS_19.25/share/stratus/include/cynw_p2p.h
        02835.         line 1863
        02835.         Not converting control branching to datapath elements
        02835.         because a statement has side effects (i.e. printf()).
        00116:   at /opt/tools/cadence/2019-20/RHELx86/STRATUS_19.25/share/stratus/include/cynw_p2p.h
        00116.     line 1877
        00116.     Optimizing method fir::gen_do_reg_vld
        00305:     335 nodes
        00306:     Optimize: pass 1..
        00305:     227 nodes
        00306:     Optimize: pass 2.
        00305:     246 nodes
        00306:     Optimize: pass 3.
        00305:     246 nodes
        00306:     Optimize: pass 4.
        00305:     246 nodes
        00306:     Optimize: pass 5.
        02831:       at /opt/tools/cadence/2019-20/RHELx86/STRATUS_19.25/share/stratus/include/cynw_p2p.h
        02831.         line 1886
        02831.         Converting control branching to datapath elements. (11
        02831.         bits multiplexed)
        00305:     226 nodes
        00306:     Optimize: pass 6.
        00305:     225 nodes
        00306:     Optimize: pass 7..
        00305:     224 nodes
        00306:     Optimize: pass 8.
        00305:     216 nodes
        00306:     Optimize: pass 9..
        00305:     213 nodes
        00306:     Optimize: pass 10.
        00305:     213 nodes
        00306:     Optimize: pass 11.
        00116:   at /opt/tools/cadence/2019-20/RHELx86/STRATUS_19.25/share/stratus/include/cynw_p2p.h
        00116.     line 5140
        00116.     Optimizing method fir::gen_vld
        00305:     46 nodes
        00306:     Optimize: pass 1.
        00305:     52 nodes
        00306:     Optimize: pass 2..
        00305:     49 nodes
        00306:     Optimize: pass 3.
        00305:     49 nodes
        00306:     Optimize: pass 4.
        00305:     49 nodes
        00306:     Optimize: pass 5.
        00305:     55 nodes
        00306:     Optimize: pass 6..
        00305:     52 nodes
        00306:     Optimize: pass 7.
        00305:     52 nodes
        00306:     Optimize: pass 8.
        00116:   at /opt/tools/cadence/2019-20/RHELx86/STRATUS_19.25/share/stratus/include/cynw_p2p.h
        00116.     line 5151
        00116.     Optimizing method fir::gen_unacked_req
        00305:     267 nodes
        00306:     Optimize: pass 1..
        00305:     179 nodes
        00306:     Optimize: pass 2.
        00305:     185 nodes
        00306:     Optimize: pass 3..
        00305:     182 nodes
        00306:     Optimize: pass 4.
        00305:     182 nodes
        00306:     Optimize: pass 5.
        00305:     182 nodes
        00306:     Optimize: pass 6.
        00305:     176 nodes
        00306:     Optimize: pass 7.
        00116:   at /opt/tools/cadence/2019-20/RHELx86/STRATUS_19.25/share/stratus/include/cynw_p2p.h
        00116.     line 5167
        00116.     Optimizing method fir::gen_stalling
        00305:     74 nodes
        00306:     Optimize: pass 1.
        00305:     83 nodes
        00306:     Optimize: pass 2..
        00305:     80 nodes
        00306:     Optimize: pass 3.
        00305:     80 nodes
        00306:     Optimize: pass 4.
        00305:     80 nodes
        00306:     Optimize: pass 5.
        00305:     83 nodes
        00306:     Optimize: pass 6..
        00305:     80 nodes
        00306:     Optimize: pass 7.
        00305:     80 nodes
        00306:     Optimize: pass 8.
        00116:   at /opt/tools/cadence/2019-20/RHELx86/STRATUS_19.25/share/stratus/include/cynw_p2p.h
        00116.     line 5180
        00116.     Optimizing method fir::gen_out_busy
        00305:     69 nodes
        00306:     Optimize: pass 1.
        00305:     69 nodes
        00306:     Optimize: pass 2.
        00305:     69 nodes
        00306:     Optimize: pass 3.
        00305:     69 nodes
        00306:     Optimize: pass 4.
        00116:   at /opt/tools/cadence/2019-20/RHELx86/STRATUS_19.25/share/stratus/include/cynw_comm_util.h
        00116.     line 1401
        00116.     Optimizing method fir::gen_active
        00305:     46 nodes
        00306:     Optimize: pass 1.
        00305:     52 nodes
        00306:     Optimize: pass 2..
        00305:     49 nodes
        00306:     Optimize: pass 3.
        00305:     49 nodes
        00306:     Optimize: pass 4.
        00305:     49 nodes
        00306:     Optimize: pass 5.
        00305:     55 nodes
        00306:     Optimize: pass 6..
        00305:     52 nodes
        00306:     Optimize: pass 7.
        00305:     52 nodes
        00306:     Optimize: pass 8.
        00116:   at /opt/tools/cadence/2019-20/RHELx86/STRATUS_19.25/share/stratus/include/cynw_comm_util.h
        00116.     line 1413
        00116.     Optimizing method fir::gen_prev_trig_reg
        00305:     267 nodes
        00306:     Optimize: pass 1..
        00305:     179 nodes
        00306:     Optimize: pass 2.
        00305:     185 nodes
        00306:     Optimize: pass 3..
        00305:     182 nodes
        00306:     Optimize: pass 4.
        00305:     182 nodes
        00306:     Optimize: pass 5.
        00305:     182 nodes
        00306:     Optimize: pass 6.
        00305:     176 nodes
        00306:     Optimize: pass 7.
        00116:   at /opt/tools/cadence/2019-20/RHELx86/STRATUS_19.25/share/stratus/include/cynw_comm_util.h
        00116.     line 1428
        00116.     Optimizing method fir::gen_next_trig_req_reg
        00305:     267 nodes
        00306:     Optimize: pass 1..
        00305:     179 nodes
        00306:     Optimize: pass 2.
        00305:     185 nodes
        00306:     Optimize: pass 3..
        00305:     182 nodes
        00306:     Optimize: pass 4.
        00305:     182 nodes
        00306:     Optimize: pass 5.
        00305:     182 nodes
        00306:     Optimize: pass 6.
        00305:     176 nodes
        00306:     Optimize: pass 7.
        00116:   at /opt/tools/cadence/2019-20/RHELx86/STRATUS_19.25/share/stratus/include/cynw_comm_util.h
        00116.     line 1443
        00116.     Optimizing method fir::gen_next_trig_reg
        00305:     45 nodes
        00306:     Optimize: pass 1.
        00305:     51 nodes
        00306:     Optimize: pass 2..
        00305:     48 nodes
        00306:     Optimize: pass 3.
        00305:     48 nodes
        00306:     Optimize: pass 4.
        00305:     48 nodes
        00306:     Optimize: pass 5.
        00305:     51 nodes
        00306:     Optimize: pass 6..
        00305:     48 nodes
        00306:     Optimize: pass 7.
        00305:     48 nodes
        00306:     Optimize: pass 8.
        00116:   at /opt/tools/cadence/2019-20/RHELx86/STRATUS_19.25/share/stratus/include/cynw_p2p.h
        00116.     line 1733
        00116.     Optimizing method fir::gen_busy
        00305:     145 nodes
        00306:     Optimize: pass 1...
        00305:     129 nodes
        00306:     Optimize: pass 2.
        00305:     153 nodes
        00306:     Optimize: pass 3..
        00305:     129 nodes
        00306:     Optimize: pass 4.
        00305:     129 nodes
        00306:     Optimize: pass 5.
        00305:     129 nodes
        00306:     Optimize: pass 6.
        00305:     128 nodes
        00306:     Optimize: pass 7.
        01352:   at fir.cc line 27
        01352.     Postprocessing thread fir::FirThread
        01352:   at /opt/tools/cadence/2019-20/RHELx86/STRATUS_19.25/share/stratus/include/cynw_p2p.h
        01352.     line 1733
        01352.     Postprocessing method fir::gen_busy
   NOTE 00494:       at /opt/tools/cadence/2019-20/RHELx86/STRATUS_19.25/share/stratus/include/cynw_p2p.h
   NOTE 00494.         line 1739
   NOTE 00494.         Created dpopt part for "gen_busy_r".
        01352:   at /opt/tools/cadence/2019-20/RHELx86/STRATUS_19.25/share/stratus/include/cynw_p2p.h
        01352.     line 1796
        01352.     Postprocessing method fir::gen_unvalidated_req
        01352:   at /opt/tools/cadence/2019-20/RHELx86/STRATUS_19.25/share/stratus/include/cynw_p2p.h
        01352.     line 1901
        01352.     Postprocessing method fir::gen_local_busy
        01352:   at /opt/tools/cadence/2019-20/RHELx86/STRATUS_19.25/share/stratus/include/cynw_p2p.h
        01352.     line 1819
        01352.     Postprocessing method fir::gen_do_stall_reg
        01352:   at /opt/tools/cadence/2019-20/RHELx86/STRATUS_19.25/share/stratus/include/cynw_p2p.h
        01352.     line 1839
        01352.     Postprocessing method fir::gen_do_stall_reg_full
        01352:   at /opt/tools/cadence/2019-20/RHELx86/STRATUS_19.25/share/stratus/include/cynw_p2p.h
        01352.     line 1859
        01352.     Postprocessing method fir::gen_do_reg_data
        01352:   at /opt/tools/cadence/2019-20/RHELx86/STRATUS_19.25/share/stratus/include/cynw_p2p.h
        01352.     line 1877
        01352.     Postprocessing method fir::gen_do_reg_vld
        01352:   at /opt/tools/cadence/2019-20/RHELx86/STRATUS_19.25/share/stratus/include/cynw_p2p.h
        01352.     line 5140
        01352.     Postprocessing method fir::gen_vld
        01352:   at /opt/tools/cadence/2019-20/RHELx86/STRATUS_19.25/share/stratus/include/cynw_p2p.h
        01352.     line 5151
        01352.     Postprocessing method fir::gen_unacked_req
        01352:   at /opt/tools/cadence/2019-20/RHELx86/STRATUS_19.25/share/stratus/include/cynw_p2p.h
        01352.     line 5167
        01352.     Postprocessing method fir::gen_stalling
        01352:   at /opt/tools/cadence/2019-20/RHELx86/STRATUS_19.25/share/stratus/include/cynw_p2p.h
        01352.     line 5180
        01352.     Postprocessing method fir::gen_out_busy
        01352:   at /opt/tools/cadence/2019-20/RHELx86/STRATUS_19.25/share/stratus/include/cynw_comm_util.h
        01352.     line 1401
        01352.     Postprocessing method fir::gen_active
        01352:   at /opt/tools/cadence/2019-20/RHELx86/STRATUS_19.25/share/stratus/include/cynw_comm_util.h
        01352.     line 1413
        01352.     Postprocessing method fir::gen_prev_trig_reg
        01352:   at /opt/tools/cadence/2019-20/RHELx86/STRATUS_19.25/share/stratus/include/cynw_comm_util.h
        01352.     line 1428
        01352.     Postprocessing method fir::gen_next_trig_req_reg
        01352:   at /opt/tools/cadence/2019-20/RHELx86/STRATUS_19.25/share/stratus/include/cynw_comm_util.h
        01352.     line 1443
        01352.     Postprocessing method fir::gen_next_trig_reg
   NOTE 00487: Created 8 dpopt operator parts

        00182: Initial resource mapping:
   NOTE 01037:     Characterizing multiplexors up to 32 bits by 64 inputs.
        02788:       Using cached results for cyn_mux_estimate_4
        01429:       Binary Multiplexor Metrics:
        01431:         Bitwidth    Num Inputs      Area    Delay (ns)
        01430:     1            2          1.95      0.082
        01430:     1            3          3.19      0.158
        01430:     1            4          4.76      0.158
        01430:     1            5          6.34      0.235
        01430:     1            8         11.06      0.235
        01430:     1            9         12.63      0.311
        01430:     1           16         23.66      0.311
        01430:     1           17         25.23      0.388
        01430:     1           32         48.85      0.388
        01430:     1           33         50.42      0.465
        01430:     1           64         99.22      0.465
        01430:     2            2          3.90      0.084
        01430:     2            3          5.58      0.172
        01430:     2            4          8.33      0.172
        01430:     2            5         11.09      0.249
        01430:     2            8         19.36      0.249
        01430:     2            9         22.11      0.325
        01430:     2           16         41.40      0.325
        01430:     2           17         44.15      0.402
        01430:     2           32         85.48      0.402
        01430:     2           33         88.23      0.478
        01430:     2           64        173.64      0.478
        01430:     4            2          7.80      0.086
        01430:     4            3         11.16      0.186
        01430:     4            4         16.67      0.186
        01430:     4            5         22.18      0.262
        01430:     4            8         38.71      0.262
        01430:     4            9         44.22      0.339
        01430:     4           16         82.79      0.339
        01430:     4           17         88.30      0.416
        01430:     4           32        170.96      0.416
        01430:     4           33        176.47      0.492
        01430:     4           64        347.29      0.492
        01430:     8            2         15.59      0.089
        01430:     8            3         20.72      0.200
        01430:     8            4         30.96      0.200
        01430:     8            5         41.19      0.276
        01430:     8            8         71.89      0.276
        01430:     8            9         82.13      0.353
        01430:     8           16        153.76      0.353
        01430:     8           17        163.99      0.430
        01430:     8           32        317.49      0.430
        01430:     8           33        327.73      0.506
        01430:     8           64        644.96      0.506
        01430:    16            2         31.19      0.091
        01430:    16            3         39.86      0.214
        01430:    16            4         59.53      0.214
        01430:    16            5         79.21      0.290
        01430:    16            8        138.25      0.290
        01430:    16            9        157.93      0.367
        01430:    16           16        295.69      0.367
        01430:    16           17        315.37      0.443
        01430:    16           32        610.56      0.443
        01430:    16           33        630.24      0.520
        01430:    16           64       1240.31      0.520
        01430:    32            2         62.38      0.094
        01430:    32            3         78.12      0.227
        01430:    32            4        116.69      0.227
        01430:    32            5        155.26      0.304
        01430:    32            8        270.98      0.304
        01430:    32            9        309.55      0.381
        01430:    32           16        579.55      0.381
        01430:    32           17        618.12      0.457
        01430:    32           32       1196.71      0.457
        01430:    32           33       1235.28      0.534
        01430:    32           64       2431.01      0.534
        01429:       Onehot Multiplexor Metrics:
        01431:         Bitwidth    Num Inputs      Area    Delay (ns)
        01430:     1            2          1.84      0.067
        01430:     1            3          2.52      0.130
        01430:     1            4          3.40      0.130
        01430:     1            5          4.27      0.168
        01430:     1            8          6.91      0.168
        01430:     1            9          7.79      0.207
        01430:     1           16         13.94      0.207
        01430:     1           17         14.82      0.245
        01430:     1           32         27.99      0.245
        01430:     1           33         28.87      0.283
        01430:     1           64         56.11      0.283
        01430:     2            2          3.69      0.069
        01430:     2            3          4.41      0.131
        01430:     2            4          5.94      0.131
        01430:     2            5          7.48      0.170
        01430:     2            8         12.09      0.170
        01430:     2            9         13.63      0.208
        01430:     2           16         24.39      0.208
        01430:     2           17         25.93      0.247
        01430:     2           32         48.99      0.247
        01430:     2           33         50.53      0.285
        01430:     2           64         98.19      0.285
        01430:     4            2          7.37      0.072
        01430:     4            3          8.81      0.133
        01430:     4            4         11.88      0.133
        01430:     4            5         14.96      0.171
        01430:     4            8         24.18      0.171
        01430:     4            9         27.26      0.210
        01430:     4           16         48.78      0.210
        01430:     4           17         51.86      0.248
        01430:     4           32         97.98      0.248
        01430:     4           33        101.06      0.287
        01430:     4           64        196.38      0.287
        01430:     8            2         14.75      0.075
        01430:     8            3         16.36      0.134
        01430:     8            4         22.07      0.134
        01430:     8            5         27.78      0.173
        01430:     8            8         44.91      0.173
        01430:     8            9         50.62      0.211
        01430:     8           16         90.60      0.211
        01430:     8           17         96.31      0.250
        01430:     8           32        181.97      0.250
        01430:     8           33        187.68      0.289
        01430:     8           64        364.70      0.289
        01430:    16            2         29.49      0.077
        01430:    16            3         31.46      0.136
        01430:    16            4         42.45      0.136
        01430:    16            5         53.43      0.174
        01430:    16            8         86.37      0.174
        01430:    16            9         97.35      0.213
        01430:    16           16        174.23      0.213
        01430:    16           17        185.21      0.251
        01430:    16           32        349.93      0.251
        01430:    16           33        360.92      0.290
        01430:    16           64        701.35      0.290
        01430:    32            2         58.99      0.080
        01430:    32            3         61.67      0.137
        01430:    32            4         83.19      0.137
        01430:    32            5        104.72      0.176
        01430:    32            8        169.29      0.176
        01430:    32            9        190.81      0.214
        01430:    32           16        341.48      0.214
        01430:    32           17        363.01      0.253
        01430:    32           32        685.87      0.253
        01430:    32           33        707.39      0.292
        01430:    32           64       1374.64      0.292
        00968:   Matching resources
        02788:       Using cached results for fir_Xor_1Ux1U_1U_4
        02790:         Area =     1.76  Latency = 0  Delay =    0.151ns
        02788:       Using cached results for fir_Or_1Ux1U_1U_4
        02790:         Area =     1.06  Latency = 0  Delay =    0.095ns
        02788:       Using cached results for fir_And_1Ux1U_1U_4
        02790:         Area =     1.06  Latency = 0  Delay =    0.079ns
        02788:       Using cached results for fir_Not_1U_1U_4
        02790:         Area =     0.53  Latency = 0  Delay =    0.033ns
        02788:       Using cached results for fir_gen_busy_r_4
        02790:         Area =     3.88  Latency = 0  Delay =    0.214ns
        02788:       Using cached results for fir_multiply_4
        02790:         Area =   302.88  Latency = 0  Delay =    1.476ns
        02788:       Using cached results for fir_N_Mux_8_2_8_4
        02790:         Area =    13.23  Latency = 0  Delay =    0.184ns
        02788:       Using cached results for fir_N_Muxb_1_2_6_4
        02790:         Area =     1.76  Latency = 0  Delay =    0.127ns
        02788:       Using cached results for fir_Xor_1Ux1U_1U_1
        02790:         Area =     5.64  Latency = 0  Delay =    0.078ns
        02788:       Using cached results for fir_Or_1Ux1U_1U_1
        02790:         Area =     8.29  Latency = 0  Delay =    0.053ns
        02788:       Using cached results for fir_And_1Ux1U_1U_1
        02790:         Area =     7.06  Latency = 0  Delay =    0.054ns
        02788:       Using cached results for fir_Not_1U_1U_1
        02790:         Area =     1.59  Latency = 0  Delay =    0.022ns
        02788:       Using cached results for fir_gen_busy_r_1
        02790:         Area =     8.11  Latency = 0  Delay =    0.140ns
        02788:       Using cached results for fir_multiply_1
        02790:         Area =   372.56  Latency = 0  Delay =    1.149ns
        02788:       Using cached results for fir_N_Mux_8_2_8_1
        02790:         Area =    22.58  Latency = 0  Delay =    0.084ns
        02788:       Using cached results for fir_N_Muxb_1_2_6_1
        02790:         Area =     5.47  Latency = 0  Delay =    0.079ns

        00969: Scheduling:
   NOTE 01437:   at fir.cc line 27
   NOTE 01437.     Using global default input delay value of 0.100ns.
   NOTE 01437:   at /opt/tools/cadence/2019-20/RHELx86/STRATUS_19.25/share/stratus/include/cynw_p2p.h
   NOTE 01437.     line 1733
   NOTE 01437.     Using global default input delay value of 0.100ns.
   NOTE 01437:   at /opt/tools/cadence/2019-20/RHELx86/STRATUS_19.25/share/stratus/include/cynw_p2p.h
   NOTE 01437.     line 1796
   NOTE 01437.     Using global default input delay value of 0.100ns.
   NOTE 01437:   at /opt/tools/cadence/2019-20/RHELx86/STRATUS_19.25/share/stratus/include/cynw_p2p.h
   NOTE 01437.     line 1819
   NOTE 01437.     Using global default input delay value of 0.100ns.
   NOTE 01437:   at /opt/tools/cadence/2019-20/RHELx86/STRATUS_19.25/share/stratus/include/cynw_p2p.h
   NOTE 01437.     line 1839
   NOTE 01437.     Using global default input delay value of 0.100ns.
   NOTE 01437:   at /opt/tools/cadence/2019-20/RHELx86/STRATUS_19.25/share/stratus/include/cynw_p2p.h
   NOTE 01437.     line 1877
   NOTE 01437.     Using global default input delay value of 0.100ns.
   NOTE 01437:   at /opt/tools/cadence/2019-20/RHELx86/STRATUS_19.25/share/stratus/include/cynw_p2p.h
   NOTE 01437.     line 5151
   NOTE 01437.     Using global default input delay value of 0.100ns.
   NOTE 01437:   at /opt/tools/cadence/2019-20/RHELx86/STRATUS_19.25/share/stratus/include/cynw_p2p.h
   NOTE 01437.     line 5167
   NOTE 01437.     Using global default input delay value of 0.100ns.
   NOTE 01437:   at /opt/tools/cadence/2019-20/RHELx86/STRATUS_19.25/share/stratus/include/cynw_comm_util.h
   NOTE 01437.     line 1413
   NOTE 01437.     Using global default input delay value of 0.100ns.
               .
        01171:   Scheduling method fir::gen_unvalidated_req
        02080:       sched_asap            off     
        02080:       sched_effort          medium  
        02080:       sharing_effort_parts  high    
        02080:       sharing_effort_regs   high    
        02080:       relax_timing          off     
        02080:       power_clock_gating    off     
        02098:     Total op count: 7
        03257:     Sharable op count: 0
        01170:     Unsharable op count: 7
        01166:     Estimated intrinsic mux area: 5
        01167:     at /opt/tools/cadence/2019-20/RHELx86/STRATUS_19.25/share/stratus/include/cynw_p2p.h
        01167.       line 1807 estimated mux area: 5
        01168:     Symbol:din.m_unvalidated_req Mux inputs: 2 Width: 1 Mux
        01168.       area: 5
        01158:     Checking feasibility of constraints
        01159:     Constraint Check Complete
        02361:     Schedule complete. Optimizing
        01230:     Optimize: pass 1..
        01230:     Optimize: pass 2

        00970: Allocation & binding:
        01218:     Scheduling Resources:
        01219:                 Resource Quantity
        01220:       fir_N_Muxb_1_2_6_4        1
               .
        01171:   Scheduling method fir::gen_prev_trig_reg
        02080:       sched_asap            off     
        02080:       sched_effort          medium  
        02080:       sharing_effort_parts  high    
        02080:       sharing_effort_regs   high    
        02080:       relax_timing          off     
        02080:       power_clock_gating    off     
        02098:     Total op count: 3
        03257:     Sharable op count: 0
        01170:     Unsharable op count: 3
        01166:     Estimated intrinsic mux area: 0
        01158:     Checking feasibility of constraints
        01159:     Constraint Check Complete
        02361:     Schedule complete. Optimizing
        01230:     Optimize: pass 1.
        01230:     Optimize: pass 2

        00970: Allocation & binding:
        01218:     Scheduling Resources:
        01463:       No scheduled resources (functional units) are needed.
               .
        01171:   Scheduling method fir::gen_busy
        02080:       sched_asap            off     
        02080:       sched_effort          medium  
        02080:       sharing_effort_parts  high    
        02080:       sharing_effort_regs   high    
        02080:       relax_timing          off     
        02080:       power_clock_gating    off     
        02098:     Total op count: 12
        03257:     Sharable op count: 0
        01170:     Unsharable op count: 12
        01166:     Estimated intrinsic mux area: 0
        01158:     Checking feasibility of constraints
        01159:     Constraint Check Complete
        02361:     Schedule complete. Optimizing
        01230:     Optimize: pass 1.

        00970: Allocation & binding:
        01218:     Scheduling Resources:
        01219:               Resource Quantity
        01220:       fir_gen_busy_r_1        1
               .
        01171:   Scheduling method fir::gen_do_reg_vld
        02080:       sched_asap            off     
        02080:       sched_effort          medium  
        02080:       sharing_effort_parts  high    
        02080:       sharing_effort_regs   high    
        02080:       relax_timing          off     
        02080:       power_clock_gating    off     
        02098:     Total op count: 7
        03257:     Sharable op count: 0
        01170:     Unsharable op count: 7
        01166:     Estimated intrinsic mux area: 5
        01167:     at /opt/tools/cadence/2019-20/RHELx86/STRATUS_19.25/share/stratus/include/cynw_p2p.h
        01167.       line 1887 estimated mux area: 5
        01168:     Symbol:din.m_vld_reg Mux inputs: 2 Width: 1 Mux area: 5
        01158:     Checking feasibility of constraints
        01159:     Constraint Check Complete
        02361:     Schedule complete. Optimizing
        01230:     Optimize: pass 1..
        01230:     Optimize: pass 2

        00970: Allocation & binding:
        01218:     Scheduling Resources:
        01219:                 Resource Quantity
        01220:       fir_N_Muxb_1_2_6_4        1
               .
        01171:   Scheduling method fir::gen_active
        02080:       sched_asap            off     
        02080:       sched_effort          medium  
        02080:       sharing_effort_parts  high    
        02080:       sharing_effort_regs   high    
        02080:       relax_timing          off     
        02080:       power_clock_gating    off     
        02098:     Total op count: 4
        03257:     Sharable op count: 0
        01170:     Unsharable op count: 4
        01166:     Estimated intrinsic mux area: 0
        01158:     Checking feasibility of constraints
        01159:     Constraint Check Complete
        02361:     Schedule complete. Optimizing
        01230:     Optimize: pass 1.

        00970: Allocation & binding:
        01218:     Scheduling Resources:
        01219:                 Resource Quantity
        01220:       fir_Xor_1Ux1U_1U_1        1
               .
        01171:   Scheduling method fir::gen_vld
        02080:       sched_asap            off     
        02080:       sched_effort          medium  
        02080:       sharing_effort_parts  high    
        02080:       sharing_effort_regs   high    
        02080:       relax_timing          off     
        02080:       power_clock_gating    off     
        02098:     Total op count: 4
        03257:     Sharable op count: 0
        01170:     Unsharable op count: 4
        01166:     Estimated intrinsic mux area: 0
        01158:     Checking feasibility of constraints
        01159:     Constraint Check Complete
        02361:     Schedule complete. Optimizing
        01230:     Optimize: pass 1.

        00970: Allocation & binding:
        01218:     Scheduling Resources:
        01219:                Resource Quantity
        01220:       fir_Or_1Ux1U_1U_1        1
               .
        01171:   Scheduling method fir::gen_stalling
        02080:       sched_asap            off     
        02080:       sched_effort          medium  
        02080:       sharing_effort_parts  high    
        02080:       sharing_effort_regs   high    
        02080:       relax_timing          off     
        02080:       power_clock_gating    off     
        02098:     Total op count: 4
        03257:     Sharable op count: 0
        01170:     Unsharable op count: 4
        01166:     Estimated intrinsic mux area: 0
        01158:     Checking feasibility of constraints
        01159:     Constraint Check Complete
        02361:     Schedule complete. Optimizing
        01230:     Optimize: pass 1.

        00970: Allocation & binding:
        01218:     Scheduling Resources:
        01219:                 Resource Quantity
        01220:       fir_And_1Ux1U_1U_1        1
               .
        01171:   Scheduling method fir::gen_unacked_req
        02080:       sched_asap            off     
        02080:       sched_effort          medium  
        02080:       sharing_effort_parts  high    
        02080:       sharing_effort_regs   high    
        02080:       relax_timing          off     
        02080:       power_clock_gating    off     
        02098:     Total op count: 3
        03257:     Sharable op count: 0
        01170:     Unsharable op count: 3
        01166:     Estimated intrinsic mux area: 0
        01158:     Checking feasibility of constraints
        01159:     Constraint Check Complete
        02361:     Schedule complete. Optimizing
        01230:     Optimize: pass 1.
        01230:     Optimize: pass 2

        00970: Allocation & binding:
        01218:     Scheduling Resources:
        01463:       No scheduled resources (functional units) are needed.
               .
        01171:   Scheduling method fir::gen_next_trig_reg
        02080:       sched_asap            off     
        02080:       sched_effort          medium  
        02080:       sharing_effort_parts  high    
        02080:       sharing_effort_regs   high    
        02080:       relax_timing          off     
        02080:       power_clock_gating    off     
        02098:     Total op count: 3
        03257:     Sharable op count: 0
        01170:     Unsharable op count: 3
        01166:     Estimated intrinsic mux area: 0
        01158:     Checking feasibility of constraints
        01159:     Constraint Check Complete
        02361:     Schedule complete. Optimizing
        01230:     Optimize: pass 1.

        00970: Allocation & binding:
        01218:     Scheduling Resources:
        01219:              Resource Quantity
        01220:       fir_Not_1U_1U_1        1
               .
        01171:   Scheduling thread fir::FirThread
        01161:     at fir.cc line 42
        01161.       Scheduling "main_loop" with initiation interval of 1.
        02080:       sched_asap            off     
        02080:       sched_effort          medium  
        02080:       sharing_effort_parts  high    
        02080:       sharing_effort_regs   high    
        02080:       relax_timing          off     
        02080:       power_clock_gating    off     
   NOTE 00579:     at fir.cc line 29
   NOTE 00579.       The input, coeffs.table[0], has been specified to be
   NOTE 00579.       stable throughout execution of the block that begins at
   NOTE 00579.       this point.
   NOTE 00579:     at fir.cc line 29
   NOTE 00579.       The input, coeffs.table[1], has been specified to be
   NOTE 00579.       stable throughout execution of the block that begins at
   NOTE 00579.       this point.
   NOTE 00579:     at fir.cc line 29
   NOTE 00579.       The input, coeffs.table[2], has been specified to be
   NOTE 00579.       stable throughout execution of the block that begins at
   NOTE 00579.       this point.
   NOTE 00579:     at fir.cc line 29
   NOTE 00579.       The input, coeffs.table[3], has been specified to be
   NOTE 00579.       stable throughout execution of the block that begins at
   NOTE 00579.       this point.
   NOTE 00579:     at fir.cc line 29
   NOTE 00579.       The input, coeffs.table[4], has been specified to be
   NOTE 00579.       stable throughout execution of the block that begins at
   NOTE 00579.       this point.
   NOTE 00579:     at fir.cc line 29
   NOTE 00579.       The input, coeffs.table[5], has been specified to be
   NOTE 00579.       stable throughout execution of the block that begins at
   NOTE 00579.       this point.
   NOTE 00579:     at fir.cc line 29
   NOTE 00579.       The input, coeffs.table[6], has been specified to be
   NOTE 00579.       stable throughout execution of the block that begins at
   NOTE 00579.       this point.
   NOTE 00579:     at fir.cc line 29
   NOTE 00579.       The input, coeffs.table[7], has been specified to be
   NOTE 00579.       stable throughout execution of the block that begins at
   NOTE 00579.       this point.
        00907:      ...............................................................
        00907:      .                                                             .
        00907:      . Loop carried dependency report for "main_loop"              .
        00907:      .                                                             .
        00907:      . OP ID  Source        Loop Carried Variable     Use/Def      .
        00907:      . -----  ---------     ------------------------  ----------   .
        00907:      . OP81   fir.cc:46,26  shift_reg[1]              Use          .
        00907:      . OP82   fir.cc:46,26  shift_reg[1]              Def          .
        00907:      .-------------------------------------------------------------.
        00907:      . OP82   fir.cc:46,26  shift_reg[2]              Use          .
        00907:      . OP83   fir.cc:46,26  shift_reg[2]              Def          .
        00907:      .-------------------------------------------------------------.
        00907:      . OP83   fir.cc:46,26  shift_reg[3]              Use          .
        00907:      . OP84   fir.cc:46,26  shift_reg[3]              Def          .
        00907:      .-------------------------------------------------------------.
        00907:      . OP84   fir.cc:46,26  shift_reg[4]              Use          .
        00907:      . OP85   fir.cc:46,26  shift_reg[4]              Def          .
        00907:      .-------------------------------------------------------------.
        00907:      . OP85   fir.cc:46,26  shift_reg[5]              Use          .
        00907:      . OP86   fir.cc:46,26  shift_reg[5]              Def          .
        00907:      .-------------------------------------------------------------.
        00907:      . OP86   fir.cc:46,26  shift_reg[6]              Use          .
        00907:      . OP87   fir.cc:46,26  shift_reg[6]              Def          .
        00907:      .-------------------------------------------------------------.
        00907:      . OP87   fir.cc:46,26  shift_reg[7]              Use          .
        00907:      . OP96   fir.cc:47,22  shift_reg[7]              Def          .
        00907:      .-------------------------------------------------------------.
        00907:      .                                                             .
        00907:      . Total loop carried dependencies: 7                          .
        00907:      ...............................................................
        02098:     Total op count: 54
        03257:     Sharable op count: 8
        01170:     Unsharable op count: 46
        01166:     Estimated intrinsic mux area: 22
        01167:     at /opt/tools/cadence/2019-20/RHELx86/STRATUS_19.25/share/stratus/include/cynw_p2p.h
        01167.       line 1551 estimated mux area: 22
        01168:     Symbol:u_279 Mux inputs: 2 Width: 8 Mux area: 22
        01158:     Checking feasibility of constraints
        02826:     "main_loop" has HLS_ACHIEVABLE specified as its maximum
        02826.       limit.  The constraint can be achieved in 2 cycles. 
        02826.       Adopting this as the max latency constraint.
        01159:     Constraint Check Complete
        01117:     Initialized resource counts
        02361:     Schedule complete. Optimizing
        01230:     Optimize: pass 1..
        01230:     Optimize: pass 2

        00970: Allocation & binding:
        01131:     Scheduled constraint "main_loop" in 2 cycle(s).
        01218:     Scheduling Resources:
        01219:                Resource Quantity
        01220:          fir_multiply_4        8
        01220:       fir_N_Mux_8_2_8_1        1
               .
        01171:   Scheduling method fir::gen_do_stall_reg
        02080:       sched_asap            off     
        02080:       sched_effort          medium  
        02080:       sharing_effort_parts  high    
        02080:       sharing_effort_regs   high    
        02080:       relax_timing          off     
        02080:       power_clock_gating    off     
        02098:     Total op count: 13
        03257:     Sharable op count: 0
        01170:     Unsharable op count: 13
        01166:     Estimated intrinsic mux area: 15
        01167:     at /opt/tools/cadence/2019-20/RHELx86/STRATUS_19.25/share/stratus/include/cynw_p2p.h
        01167.       line 1828 estimated mux area: 15
        01168:     Symbol:din.m_stall_reg Mux inputs: 2 Width: 8 Mux area: 15
        01158:     Checking feasibility of constraints
        01159:     Constraint Check Complete
        01117:     Initialized resource counts
        02361:     Schedule complete. Optimizing
        01230:     Optimize: pass 1..
        01230:     Optimize: pass 2

        00970: Allocation & binding:
        01218:     Scheduling Resources:
        01219:                 Resource Quantity
        01220:       fir_And_1Ux1U_1U_4        2
        01220:          fir_Not_1U_1U_1        1
               .
        01171:   Scheduling method fir::gen_do_stall_reg_full
        02080:       sched_asap            off     
        02080:       sched_effort          medium  
        02080:       sharing_effort_parts  high    
        02080:       sharing_effort_regs   high    
        02080:       relax_timing          off     
        02080:       power_clock_gating    off     
        02098:     Total op count: 5
        03257:     Sharable op count: 0
        01170:     Unsharable op count: 5
        01166:     Estimated intrinsic mux area: 0
        01158:     Checking feasibility of constraints
        01159:     Constraint Check Complete
        02361:     Schedule complete. Optimizing
        01230:     Optimize: pass 1..
        01230:     Optimize: pass 2

        00970: Allocation & binding:
        01218:     Scheduling Resources:
        01219:                 Resource Quantity
        01220:       fir_And_1Ux1U_1U_4        1

        02918: RTL Generation & Optimization:
        02917:   Preparing method fir::gen_unvalidated_req for final RTL output
        01006:     States: 2
        01677:     Building RTL structures, pass 1
        01677:     Building RTL structures, pass 2

               ................................................................
               .                                                              .
        00802: . Allocation Report for method "gen_unvalidated_req":          .
        00805: .                                  Area/Instance               .
        00805: .                            ------------------------    Total .
        00805: .           Resource  Count    Seq(#FF)    Comb    BB     Area .
        00805: . ------------------  -----  ----------  ------  ----  ------- .
        00807: . fir_N_Muxb_1_2_6_4      1                 1.8            1.8 .
        00810: .     implicit muxes                                       1.9 .
        00808: .          registers      1                                    .
        00809: .      register bits      1    3.5(1)       0.0            3.5 .
        00811: . ------------------------------------------------------------ .
        00812: .         Total Area           3.5(1)       3.7   0.0      7.2 .
               .                                                              .
               ................................................................


        01677:     Building RTL structures, pass 3
        02917:   Preparing method fir::gen_prev_trig_reg for final RTL output
        01006:     States: 2
        01677:     Building RTL structures, pass 1
        01677:     Building RTL structures, pass 2

               ............................................................
               .                                                          .
        00802: . Allocation Report for method "gen_prev_trig_reg":        .
        00805: .                              Area/Instance               .
        00805: .                        ------------------------    Total .
        00805: .       Resource  Count    Seq(#FF)    Comb    BB     Area .
        00805: . --------------  -----  ----------  ------  ----  ------- .
        00810: . implicit muxes                                       1.9 .
        00808: .      registers      1                                    .
        00809: .  register bits      1    3.5(1)       0.0            3.5 .
        00811: . -------------------------------------------------------- .
        00812: .     Total Area           3.5(1)       1.9   0.0      5.5 .
               .                                                          .
               ............................................................


        01677:     Building RTL structures, pass 3
        02917:   Preparing method fir::gen_busy for final RTL output
        01006:     States: 2
        01677:     Building RTL structures, pass 1
        01677:     Building RTL structures, pass 2

               ..............................................................
               .                                                            .
        00802: . Allocation Report for method "gen_busy":                   .
        00805: .                                Area/Instance               .
        00805: .                          ------------------------    Total .
        00805: .         Resource  Count    Seq(#FF)    Comb    BB     Area .
        00805: . ----------------  -----  ----------  ------  ----  ------- .
        00807: . fir_gen_busy_r_1      1                 8.1            8.1 .
        00810: .   implicit muxes                                       0.0 .
        00808: .        registers      0                                    .
        00809: .    register bits      0    3.5(1)       0.0            0.0 .
        00811: . ---------------------------------------------------------- .
        00812: .       Total Area           0.0(0)       8.1   0.0      8.1 .
               .                                                            .
               ..............................................................


        01677:     Building RTL structures, pass 3
        02917:   Preparing method fir::gen_do_reg_vld for final RTL output
        01006:     States: 2
        01677:     Building RTL structures, pass 1
        01677:     Building RTL structures, pass 2

               ................................................................
               .                                                              .
        00802: . Allocation Report for method "gen_do_reg_vld":               .
        00805: .                                  Area/Instance               .
        00805: .                            ------------------------    Total .
        00805: .           Resource  Count    Seq(#FF)    Comb    BB     Area .
        00805: . ------------------  -----  ----------  ------  ----  ------- .
        00807: . fir_N_Muxb_1_2_6_4      1                 1.8            1.8 .
        00810: .     implicit muxes                                       1.9 .
        00808: .          registers      1                                    .
        00809: .      register bits      1    3.5(1)       0.0            3.5 .
        00811: . ------------------------------------------------------------ .
        00812: .         Total Area           3.5(1)       3.7   0.0      7.2 .
               .                                                              .
               ................................................................


        01677:     Building RTL structures, pass 3
        02917:   Preparing method fir::gen_active for final RTL output
        01006:     States: 2
        01677:     Building RTL structures, pass 1
        01677:     Building RTL structures, pass 2

               ................................................................
               .                                                              .
        00802: . Allocation Report for method "gen_active":                   .
        00805: .                                  Area/Instance               .
        00805: .                            ------------------------    Total .
        00805: .           Resource  Count    Seq(#FF)    Comb    BB     Area .
        00805: . ------------------  -----  ----------  ------  ----  ------- .
        00807: . fir_Xor_1Ux1U_1U_1      1                 5.6            5.6 .
        00810: .     implicit muxes                                       0.0 .
        00808: .          registers      0                                    .
        00809: .      register bits      0    3.5(1)       0.0            0.0 .
        00811: . ------------------------------------------------------------ .
        00812: .         Total Area           0.0(0)       5.6   0.0      5.6 .
               .                                                              .
               ................................................................


        01677:     Building RTL structures, pass 3
        02917:   Preparing method fir::gen_vld for final RTL output
        01006:     States: 2
        01677:     Building RTL structures, pass 1
        01677:     Building RTL structures, pass 2

               ...............................................................
               .                                                             .
        00802: . Allocation Report for method "gen_vld":                     .
        00805: .                                 Area/Instance               .
        00805: .                           ------------------------    Total .
        00805: .          Resource  Count    Seq(#FF)    Comb    BB     Area .
        00805: . -----------------  -----  ----------  ------  ----  ------- .
        00807: . fir_Or_1Ux1U_1U_4      1                 1.1            1.1 .
        00810: .    implicit muxes                                       0.0 .
        00808: .         registers      0                                    .
        00809: .     register bits      0    3.5(1)       0.0            0.0 .
        00811: . ----------------------------------------------------------- .
        00812: .        Total Area           0.0(0)       1.1   0.0      1.1 .
               .                                                             .
               ...............................................................


        01677:     Building RTL structures, pass 3
        02917:   Preparing method fir::gen_stalling for final RTL output
        01006:     States: 2
        01677:     Building RTL structures, pass 1
        01677:     Building RTL structures, pass 2

               ................................................................
               .                                                              .
        00802: . Allocation Report for method "gen_stalling":                 .
        00805: .                                  Area/Instance               .
        00805: .                            ------------------------    Total .
        00805: .           Resource  Count    Seq(#FF)    Comb    BB     Area .
        00805: . ------------------  -----  ----------  ------  ----  ------- .
        00807: . fir_And_1Ux1U_1U_1      1                 7.1            7.1 .
        00810: .     implicit muxes                                       0.0 .
        00808: .          registers      0                                    .
        00809: .      register bits      0    3.5(1)       0.0            0.0 .
        00811: . ------------------------------------------------------------ .
        00812: .         Total Area           0.0(0)       7.1   0.0      7.1 .
               .                                                              .
               ................................................................


        01677:     Building RTL structures, pass 3
        02917:   Preparing method fir::gen_unacked_req for final RTL output
        01006:     States: 2
        01677:     Building RTL structures, pass 1
        01677:     Building RTL structures, pass 2

               ............................................................
               .                                                          .
        00802: . Allocation Report for method "gen_unacked_req":          .
        00805: .                              Area/Instance               .
        00805: .                        ------------------------    Total .
        00805: .       Resource  Count    Seq(#FF)    Comb    BB     Area .
        00805: . --------------  -----  ----------  ------  ----  ------- .
        00810: . implicit muxes                                       1.9 .
        00808: .      registers      1                                    .
        00809: .  register bits      1    3.5(1)       0.0            3.5 .
        00811: . -------------------------------------------------------- .
        00812: .     Total Area           3.5(1)       1.9   0.0      5.5 .
               .                                                          .
               ............................................................


        01677:     Building RTL structures, pass 3
        02917:   Preparing method fir::gen_next_trig_reg for final RTL output
        01006:     States: 2
        01677:     Building RTL structures, pass 1
        01677:     Building RTL structures, pass 2

               .............................................................
               .                                                           .
        00802: . Allocation Report for method "gen_next_trig_reg":         .
        00805: .                               Area/Instance               .
        00805: .                         ------------------------    Total .
        00805: .        Resource  Count    Seq(#FF)    Comb    BB     Area .
        00805: . ---------------  -----  ----------  ------  ----  ------- .
        00807: . fir_Not_1U_1U_1      1                 1.6            1.6 .
        00810: .  implicit muxes                                       0.0 .
        00808: .       registers      0                                    .
        00809: .   register bits      0    3.5(1)       0.0            0.0 .
        00811: . --------------------------------------------------------- .
        00812: .      Total Area           0.0(0)       1.6   0.0      1.6 .
               .                                                           .
               .............................................................


        01677:     Building RTL structures, pass 3
        02917:   Preparing thread fir::FirThread for final RTL output
        01006:     States: 9
        01677:     Building RTL structures, pass 1
        01677:     Building RTL structures, pass 2

               ...............................................................
               .                                                             .
        00802: . Allocation Report for thread "FirThread":                   .
        00805: .                                 Area/Instance               .
        00805: .                           ------------------------    Total .
        00805: .          Resource  Count    Seq(#FF)    Comb    BB     Area .
        00805: . -----------------  -----  ----------  ------  ----  ------- .
        00807: .    fir_multiply_4      8               302.9         2423.0 .
        00807: . fir_N_Mux_8_2_8_4      1                13.2           13.2 .
        00810: .    implicit muxes                                     103.3 .
        00808: .         registers     18                                    .
        00809: .     register bits     80    3.5(1)       0.0          282.2 .
        00811: . ----------------------------------------------------------- .
        00812: .        Total Area         282.2(80)   2539.6   0.0   2821.8 .
               .                                                             .
               ...............................................................


        01677:     Building RTL structures, pass 3
        02917:   Preparing method fir::gen_do_stall_reg for final RTL output
        01006:     States: 2
        01677:     Building RTL structures, pass 1
        01677:     Building RTL structures, pass 2

               ................................................................
               .                                                              .
        00802: . Allocation Report for method "gen_do_stall_reg":             .
        00805: .                                  Area/Instance               .
        00805: .                            ------------------------    Total .
        00805: .           Resource  Count    Seq(#FF)    Comb    BB     Area .
        00805: . ------------------  -----  ----------  ------  ----  ------- .
        00807: . fir_And_1Ux1U_1U_4      2                 1.1            2.1 .
        00807: .    fir_Not_1U_1U_4      1                 0.5            0.5 .
        00810: .     implicit muxes                                       0.0 .
        00808: .          registers      1                                    .
        00809: .      register bits      8    3.5(1)       0.0           28.2 .
        00811: . ------------------------------------------------------------ .
        00812: .         Total Area          28.2(8)       2.6   0.0     30.9 .
               .                                                              .
               ................................................................


        01677:     Building RTL structures, pass 3
        02917:   Preparing method fir::gen_do_stall_reg_full for final RTL
        02917.     output
        01006:     States: 2
        01677:     Building RTL structures, pass 1
        01677:     Building RTL structures, pass 2

               ................................................................
               .                                                              .
        00802: . Allocation Report for method "gen_do_stall_reg_full":        .
        00805: .                                  Area/Instance               .
        00805: .                            ------------------------    Total .
        00805: .           Resource  Count    Seq(#FF)    Comb    BB     Area .
        00805: . ------------------  -----  ----------  ------  ----  ------- .
        00807: . fir_And_1Ux1U_1U_4      1                 1.1            1.1 .
        00810: .     implicit muxes                                       1.9 .
        00808: .          registers      1                                    .
        00809: .      register bits      1    3.5(1)       0.0            3.5 .
        00811: . ------------------------------------------------------------ .
        00812: .         Total Area           3.5(1)       3.0   0.0      6.5 .
               .                                                              .
               ................................................................


        01677:     Building RTL structures, pass 3
        00971:   Cleaning up

WARNING 03169: --output_style_reset_all_async was specified in a design with
WARNING 03169.   only synchronous resets. This flag will have no effect.

        00144:     Global optimizations.............................................
        00144:     Global optimizations.....................
        02788:       Using cached results for fir_DECODE_4U_10_4
        02790:         Area =     3.88  Latency = 0  Delay =    0.091ns
        02788:       Using cached results for fir_DECODE_2U_9_4
        02790:         Area =     0.53  Latency = 0  Delay =    0.033ns

               +---------------------------------------------------------------+
               |                                                               |
        00803: | Allocation Report for all threads:                            |
        00805: |                                   Area/Instance               |
        00805: |                             ------------------------    Total |
        00805: |            Resource  Count    Seq(#FF)    Comb    BB     Area |
        00805: | -------------------  -----  ----------  ------  ----  ------- |
        00807: |      fir_multiply_4      8               302.9         2423.0 |
        00807: |   fir_N_Mux_8_2_8_4      1                13.2           13.2 |
        00807: |         mux_8bx2i1c      1                12.9           12.9 |
        00807: |    fir_gen_busy_r_1      1                 8.1            8.1 |
        00807: |         mux_1bx2i1c      5                 1.6            8.1 |
        00807: |  fir_And_1Ux1U_1U_1      1                 7.1            7.1 |
        00807: |  fir_Xor_1Ux1U_1U_1      1                 5.6            5.6 |
        00807: |         mux_1bx2i2c      3                 1.4            4.1 |
        00807: |  fir_And_1Ux1U_1U_4      3                 1.1            3.2 |
        00807: |         mux_1bx3i1c      1                 2.3            2.3 |
        00807: |         mux_1bx3i2c      1                 2.1            2.1 |
        00807: |  fir_N_Muxb_1_2_6_4      1                 1.8            1.8 |
        00807: |     fir_Not_1U_1U_1      1                 1.6            1.6 |
        00807: |   fir_Or_1Ux1U_1U_4      1                 1.1            1.1 |
        00807: |     fir_Not_1U_1U_4      1                 0.5            0.5 |
        00808: |           registers     20                                    |
        01442: |   Reg bits by type:                                           |
        01442. |      EN SS SC AS AC                                           |
        00809: |       0  0  0  0  0      2    3.5(1)       0.0                |
        00809: |       0  0  1  0  0      4    3.9(1)       0.0                |
        00809: |       0  1  0  0  0      1    3.9(1)       0.7                |
        00809: |       1  0  0  0  0     28    4.8(1)       0.0                |
        00809: |       1  0  1  0  0     49    5.1(1)       0.5                |
        00809: |       1  1  0  0  0      1    4.4(1)       1.2                |
        00809: |   all register bits     85    4.9(1)       0.3          442.8 |
        02604: |     estimated cntrl      1                32.7           32.7 |
        00811: | ------------------------------------------------------------- |
        00812: |          Total Area         414.9(85)   2555.3   0.0   2970.2 |
               |                                                               |
               +---------------------------------------------------------------+



        00195: Writing RTL files:
        01766:   bdw_work/modules/fir/DPOPT/fir_rtl.h
        01767:   bdw_work/modules/fir/DPOPT/fir_rtl.cc
        01768:   bdw_work/modules/fir/DPOPT/fir_rtl.v

        01445: Summary of messages of severity WARNING or greater:
        01193:   SEVERITY MSGID CNT
        01198:    WARNING 03169   1

stratus_hls succeeded with 0 errors and 1 warning.

End at Tue Sep  6 17:30:31 2022

