TMPDIR is being set to /tmp/genus_temp_10179_es-eda.ele.tue.nl_20200969_FDEspd

Loading tool scripts...

Finished loading tool scripts (6 seconds elapsed).

#@ Processing -files option
@genus 1> source /opt/tools/cadence/2019-20/RHELx86/STRATUS_19.25/tools.lnx86/bin/bdw_genus_server
  Setting attribute of root '/': 'write_verification_files' = false
  Setting attribute of root '/': 'dp_area_mode' = true
  Setting attribute of root '/': 'multibit_mapping_effort_level' = low
  Setting attribute of root '/': 'map_to_multiple_output_gates' = false
  Setting attribute of root '/': 'auto_super_thread' = false
  Setting attribute of root '/': 'max_cpus_per_server' = 0
  Setting attribute of root '/': 'retime_verification_flow' = false
  Setting attribute of root '/': 'retime_disable_all_transitive_drvrs' = 1
  Setting attribute of root '/': 'legacy_collection' = true
  Setting attribute of root '/': 'dp_analytical_opt' = off
  Setting attribute of root '/': 'dp_rewriting' = none
  Setting attribute of root '/': 'dp_sharing' = none
  Setting attribute of root '/': 'dp_speculation' = none
Warning : Partition Based Synthesis (PBS) is turned off. Expect very long runtime. [PBS-3]
  Setting attribute of root '/': 'partition_based_synthesis' = false
  Setting attribute of root '/': 'auto_partition' = false
Sourcing '/opt/tools/cadence/2019-20/RHELx86/STRATUS_19.25/share/stratus/tcl/bdw_generic_server.tcl' (Wed Sep 07 16:24:51 CEST 2022)...
Sourcing '/opt/tools/cadence/2019-20/RHELx86/STRATUS_19.25/share/stratus/tcl/Messaging.tcl' (Wed Sep 07 16:24:51 CEST 2022)...
##########################################################################
# Starting in server mode with port 42631@es-eda.ele.tue.nl
#   client pid = 10139
##########################################################################

