Power Unit: nW
--------------------------------------------------------------------------------
Generated by: Joules(TM) RTL Power Solution, Version v19.11-s017_1 (Aug 26 2019 21:54:52)
Username : 20200969
Hostname : ES-EDA.ele.tue.nl (x86_64), OS: Linux 3.10.0-1160.15.2.el7.x86_64
Timestamp: 2022-07-05 13:28:54
Module: router
Technology libraries: tcbn40lpbwptc_ecsm
Operating conditions: NCCOM
Interconnect mode: ple
--------------------------------------------------------------------------------
Command: report_power -inst /router -type {leakage internal switching total} -by_hierarchy -indent_inst -cols {cells static internal switching dynamic total hier} -unit nW -format %.5e -header -out /home/20200969/Estimation/work/../sim/router/reports/router.router_100percent_64BW_payload.rpt -append
--------------------------------------------------------------------------------
PDB Frame : /stim#1/frame#0
-----------------------------------------------------------------------------------
Cells      Static    Internal   Switching     Dynamic       Total Instance         
-----------------------------------------------------------------------------------
11478 2.05747e+03 3.96346e+06 1.00721e+05 4.06418e+06 4.06624e+06 /router          
 3480 6.35754e+02 1.26418e+06 8.98175e+04 1.35400e+06 1.35463e+06 ic_0             
 1502 2.98806e+02 6.39653e+05 5.02133e+04 6.89866e+05 6.90165e+05   ibuf0    
 1502 2.81684e+02 5.94732e+05 0.00000e+00 5.94732e+05 5.95014e+05   ibuf1    
   21 3.48795e+00 4.65626e+03 1.67817e+03 6.33443e+03 6.33792e+03   rc0      
   36 4.95572e+00 4.65065e+03 1.16256e+03 5.81321e+03 5.81817e+03   vc_0     
   21 3.45498e+00 3.35734e+03 0.00000e+00 3.35734e+03 3.36080e+03   rc1      
   36 4.96581e+00 3.33922e+03 0.00000e+00 3.33922e+03 3.34419e+03   vc_1     
   81 9.09137e+00 2.46764e+03 0.00000e+00 2.46764e+03 2.47673e+03   vcmux    
 3480 6.17932e+02 1.20531e+06 0.00000e+00 1.20531e+06 1.20593e+06 ic_1             
 1502 2.81684e+02 5.94732e+05 0.00000e+00 5.94732e+05 5.95014e+05   ibuf0    
 1502 2.81684e+02 5.94732e+05 0.00000e+00 5.94732e+05 5.95014e+05   ibuf1    
   21 3.45498e+00 3.35734e+03 0.00000e+00 3.35734e+03 3.36080e+03   rc0      
   21 3.40394e+00 3.35734e+03 0.00000e+00 3.35734e+03 3.36075e+03   rc1      
   36 4.96581e+00 3.33922e+03 0.00000e+00 3.33922e+03 3.34419e+03   vc_0     
   36 4.96581e+00 3.33922e+03 0.00000e+00 3.33922e+03 3.34419e+03   vc_1     
   81 9.09137e+00 2.45441e+03 0.00000e+00 2.45441e+03 2.46351e+03   vcmux    
 3480 6.17897e+02 1.20531e+06 0.00000e+00 1.20531e+06 1.20593e+06 ic_2             
 1502 2.81684e+02 5.94732e+05 0.00000e+00 5.94732e+05 5.95014e+05   ibuf0    
 1502 2.81684e+02 5.94732e+05 0.00000e+00 5.94732e+05 5.95014e+05   ibuf1    
   21 3.44140e+00 3.35734e+03 0.00000e+00 3.35734e+03 3.36078e+03   rc0      
   21 3.38249e+00 3.35734e+03 0.00000e+00 3.35734e+03 3.36072e+03   rc1      
   36 4.96581e+00 3.33922e+03 0.00000e+00 3.33922e+03 3.34419e+03   vc_0     
   36 4.96581e+00 3.33922e+03 0.00000e+00 3.33922e+03 3.34419e+03   vc_1     
   81 9.09137e+00 2.45441e+03 0.00000e+00 2.45441e+03 2.46351e+03   vcmux    
  184 4.09357e+01 8.62187e+04 0.00000e+00 8.62187e+04 8.62596e+04 oc_0             
  184 4.09357e+01 8.62187e+04 0.00000e+00 8.62187e+04 8.62596e+04 oc_1             
  184 4.09357e+01 8.62187e+04 0.00000e+00 8.62187e+04 8.62596e+04 oc_2             
  486 6.30846e+01 3.00036e+04 0.00000e+00 3.00036e+04 3.00667e+04 cb               
   87 1.16213e+01 1.00029e+04 0.00000e+00 1.00029e+04 1.00145e+04   muxcont_0
   67 9.08364e+00 6.61699e+03 0.00000e+00 6.61699e+03 6.62607e+03     a0       
   86 1.09036e+01 1.00027e+04 0.00000e+00 1.00027e+04 1.00136e+04   muxcont_2
   68 8.55938e+00 6.61678e+03 0.00000e+00 6.61678e+03 6.62534e+03     a0       
   85 1.10862e+01 9.99809e+03 0.00000e+00 9.99809e+03 1.00092e+04   muxcont_1
   67 8.74400e+00 6.61219e+03 0.00000e+00 6.61219e+03 6.62094e+03     a0       
   76 9.82448e+00 0.00000e+00 0.00000e+00 0.00000e+00 9.82448e+00   mux_0    
   76 9.82448e+00 0.00000e+00 0.00000e+00 0.00000e+00 9.82448e+00   mux_1    
   76 9.82448e+00 0.00000e+00 0.00000e+00 0.00000e+00 9.82448e+00   mux_2    
-----------------------------------------------------------------------------------
