Power Unit: nW
--------------------------------------------------------------------------------
Generated by: Joules(TM) RTL Power Solution, Version v19.11-s017_1 (Aug 26 2019 21:54:52)
Username : 20200969
Hostname : ES-EDA.ele.tue.nl (x86_64), OS: Linux 3.10.0-1160.15.2.el7.x86_64
Timestamp: 2022-07-05 13:24:33
Module: router
Technology libraries: tcbn40lpbwptc_ecsm
Operating conditions: NCCOM
Interconnect mode: ple
--------------------------------------------------------------------------------
Command: report_power -inst /router -type {leakage internal switching total} -by_hierarchy -indent_inst -cols {cells static internal switching dynamic total hier} -unit nW -format %.5e -header -out /home/20200969/Estimation/work/../sim/router/reports/router.router_25percent_64BW_payload.rpt -append
--------------------------------------------------------------------------------
PDB Frame : /stim#1/frame#0
-----------------------------------------------------------------------------------
Cells      Static    Internal   Switching     Dynamic       Total Instance         
-----------------------------------------------------------------------------------
11478 2.06772e+03 3.94704e+06 5.58052e+04 4.00285e+06 4.00492e+06 /router          
 3480 6.40094e+02 1.24776e+06 5.51542e+04 1.30291e+06 1.30355e+06 ic_0             
 1502 3.02275e+02 6.33726e+05 4.99615e+04 6.83687e+05 6.83990e+05   ibuf0    
 1502 2.83007e+02 5.94732e+05 0.00000e+00 5.94732e+05 5.95015e+05   ibuf1    
   21 3.46993e+00 4.66861e+03 1.67817e+03 6.34678e+03 6.35025e+03   rc0      
   36 4.96564e+00 4.68366e+03 1.16256e+03 5.84622e+03 5.85119e+03   vc_0     
   21 3.45881e+00 3.35734e+03 0.00000e+00 3.35734e+03 3.36080e+03   rc1      
   36 4.96894e+00 3.33922e+03 0.00000e+00 3.33922e+03 3.34419e+03   vc_1     
   81 9.09448e+00 2.46764e+03 0.00000e+00 2.46764e+03 2.47674e+03   vcmux    
 3480 6.20594e+02 1.20531e+06 0.00000e+00 1.20531e+06 1.20593e+06 ic_1             
 1502 2.83007e+02 5.94732e+05 0.00000e+00 5.94732e+05 5.95015e+05   ibuf0    
 1502 2.83007e+02 5.94732e+05 0.00000e+00 5.94732e+05 5.95015e+05   ibuf1    
   21 3.45881e+00 3.35734e+03 0.00000e+00 3.35734e+03 3.36080e+03   rc0      
   21 3.40777e+00 3.35734e+03 0.00000e+00 3.35734e+03 3.36075e+03   rc1      
   36 4.96894e+00 3.33922e+03 0.00000e+00 3.33922e+03 3.34419e+03   vc_0     
   36 4.96894e+00 3.33922e+03 0.00000e+00 3.33922e+03 3.34419e+03   vc_1     
   81 9.09448e+00 2.45441e+03 0.00000e+00 2.45441e+03 2.46351e+03   vcmux    
 3480 6.20559e+02 1.20531e+06 0.00000e+00 1.20531e+06 1.20593e+06 ic_2             
 1502 2.83007e+02 5.94732e+05 0.00000e+00 5.94732e+05 5.95015e+05   ibuf0    
 1502 2.83007e+02 5.94732e+05 0.00000e+00 5.94732e+05 5.95015e+05   ibuf1    
   21 3.44523e+00 3.35734e+03 0.00000e+00 3.35734e+03 3.36079e+03   rc0      
   21 3.38633e+00 3.35734e+03 0.00000e+00 3.35734e+03 3.36073e+03   rc1      
   36 4.96894e+00 3.33922e+03 0.00000e+00 3.33922e+03 3.34419e+03   vc_0     
   36 4.96894e+00 3.33922e+03 0.00000e+00 3.33922e+03 3.34419e+03   vc_1     
   81 9.09448e+00 2.45441e+03 0.00000e+00 2.45441e+03 2.46351e+03   vcmux    
  184 4.11139e+01 8.62187e+04 0.00000e+00 8.62187e+04 8.62598e+04 oc_0             
  184 4.11139e+01 8.62187e+04 0.00000e+00 8.62187e+04 8.62598e+04 oc_1             
  184 4.11139e+01 8.62187e+04 0.00000e+00 8.62187e+04 8.62598e+04 oc_2             
  486 6.31304e+01 3.00036e+04 0.00000e+00 3.00036e+04 3.00668e+04 cb               
   87 1.16369e+01 1.00029e+04 0.00000e+00 1.00029e+04 1.00145e+04   muxcont_0
   67 9.09441e+00 6.61699e+03 0.00000e+00 6.61699e+03 6.62608e+03     a0       
   86 1.09189e+01 1.00027e+04 0.00000e+00 1.00027e+04 1.00136e+04   muxcont_2
   68 8.56992e+00 6.61678e+03 0.00000e+00 6.61678e+03 6.62535e+03     a0       
   85 1.11011e+01 9.99809e+03 0.00000e+00 9.99809e+03 1.00092e+04   muxcont_1
   67 8.75409e+00 6.61219e+03 0.00000e+00 6.61219e+03 6.62095e+03     a0       
   76 9.82448e+00 0.00000e+00 0.00000e+00 0.00000e+00 9.82448e+00   mux_0    
   76 9.82448e+00 0.00000e+00 0.00000e+00 0.00000e+00 9.82448e+00   mux_1    
   76 9.82448e+00 0.00000e+00 0.00000e+00 0.00000e+00 9.82448e+00   mux_2    
-----------------------------------------------------------------------------------
