make[1]: Warning: File `Makefile.prj' has modification time 228 s in the future
make[2]: Warning: File `Makefile.prj' has modification time 227 s in the future
make[2]: Nothing to be done for `bdw_work/wrappers/fir_wrap.h'.
make[2]: warning:  Clock skew detected.  Your build may be incomplete.
make --no-print-directory -f Makefile -j1 hls_fir_BASIC
make[2]: Warning: File `Makefile.prj' has modification time 227 s in the future
make[3]: Warning: File `bdw_work/modules/fir/BASIC/fir.d' has modification time 228 s in the future
make[3]: `bdw_work/modules/fir/BASIC/fir_rtl.cc' is up to date.
make[3]: warning:  Clock skew detected.  Your build may be incomplete.
make[3]: Warning: File `bdw_work/modules/fir/BASIC/fir.d' has modification time 228 s in the future
make[3]: `bdw_work/modules/fir/BASIC/fir_rtl.v' is up to date.
make[4]: Warning: File `Makefile' has modification time 249 s in the future
make[4]: warning:  Clock skew detected.  Your build may be incomplete.
make[3]: warning:  Clock skew detected.  Your build may be incomplete.
make[2]: warning:  Clock skew detected.  Your build may be incomplete.
make[2]: Warning: File `bdw_work/modules/fir/BASIC/fir.d' has modification time 227 s in the future
Generating dependencies for fir.cc 
Generating dependencies for system config PIN of tb.cc
Generating dependencies for system config PIN of system.cc
Generating dependencies for system config PIN of main.cc
make[2]: Warning: File `bdw_work/objs/fir.d' has modification time 259 s in the future
/opt/tools/cadence/2019-20/RHELx86/STRATUS_19.25/bin/bdw_shell /opt/tools/cadence/2019-20/RHELx86/STRATUS_19.25/share/stratus/tcl/bdw_siminfo.tcl project.tcl BASIC_V
make[2]: warning:  Clock skew detected.  Your build may be incomplete.
make[2]: Warning: File `bdw_work/objs/fir.d' has modification time 258 s in the future
make[3]: Warning: File `bdw_work/objs/fir.d' has modification time 258 s in the future
make[3]: Nothing to be done for `bdw_work/wrappers/fir_wrap.h'.
make[3]: warning:  Clock skew detected.  Your build may be incomplete.
make[3]: Warning: File `bdw_work/objs/fir.d' has modification time 257 s in the future
make[3]: `bdw_work/modules/fir/BASIC/fir_rtl.v' is up to date.
make[3]: warning:  Clock skew detected.  Your build may be incomplete.
make[3]: Warning: File `bdw_work/objs/fir.d' has modification time 257 s in the future
/opt/tools/cadence/2019-20/RHELx86/STRATUS_19.25/tools.lnx86/stratus/gcc/4.8/bin/g++  -Ibdw_work/modules/fir/BASIC -I./ -I./ -Ibdw_work/wrappers  -DBDW_CC_SPEC=1 -Ibdw_work/modules/fir/BASIC/c_parts -DBASIC=1 -DBDW_RTL_fir_BASIC=1 -DioConfig_PIN -D_p_ioConfig_PIN -DioConfig=PIN -D_wrap_ioConfig=PIN    -c -DCLOCK_PERIOD=10    -fPIC  -I/opt/tools/cadence/2019-20/RHELx86/STRATUS_19.25/share/stratus/include -I/opt/tools/cadence/2019-20/RHELx86/STRATUS_19.25/tools.lnx86/stratus/systemc/2.3.1/include  -DBDW_HUB=1    -DBDW_USE_SCV=0 -o bdw_work/modules/fir/BASIC/fir.o  bdw_work/wrappers/fir_wrap.cc
/opt/tools/cadence/2019-20/RHELx86/STRATUS_19.25/tools.lnx86/stratus/gcc/4.8/bin/g++  -Ibdw_work/modules/System/PIN -I./ -I./ -Ibdw_work/wrappers    -DioConfig_PIN -D_p_ioConfig_PIN -DioConfig=PIN -D_wrap_ioConfig=PIN  -c -DCLOCK_PERIOD=10    -fPIC  -I/opt/tools/cadence/2019-20/RHELx86/STRATUS_19.25/share/stratus/include -I/opt/tools/cadence/2019-20/RHELx86/STRATUS_19.25/tools.lnx86/stratus/systemc/2.3.1/include  -DBDW_HUB=1    -DBDW_USE_SCV=0 -o bdw_work/modules/System/PIN/system.o  system.cc
/opt/tools/cadence/2019-20/RHELx86/STRATUS_19.25/tools.lnx86/stratus/gcc/4.8/bin/g++  -Ibdw_work/modules/main/PIN -I./ -I./ -Ibdw_work/wrappers    -DioConfig_PIN -D_p_ioConfig_PIN -DioConfig=PIN -D_wrap_ioConfig=PIN  -c -DCLOCK_PERIOD=10    -fPIC  -I/opt/tools/cadence/2019-20/RHELx86/STRATUS_19.25/share/stratus/include -I/opt/tools/cadence/2019-20/RHELx86/STRATUS_19.25/tools.lnx86/stratus/systemc/2.3.1/include  -DBDW_HUB=1    -DBDW_USE_SCV=0 -o bdw_work/modules/main/PIN/main.o  main.cc
/opt/tools/cadence/2019-20/RHELx86/STRATUS_19.25/tools.lnx86/stratus/gcc/4.8/bin/g++  -Ibdw_work/modules/tb/PIN -I./ -I./ -Ibdw_work/wrappers    -DioConfig_PIN -D_p_ioConfig_PIN -DioConfig=PIN -D_wrap_ioConfig=PIN  -c -DCLOCK_PERIOD=10    -fPIC  -I/opt/tools/cadence/2019-20/RHELx86/STRATUS_19.25/share/stratus/include -I/opt/tools/cadence/2019-20/RHELx86/STRATUS_19.25/tools.lnx86/stratus/systemc/2.3.1/include  -DBDW_HUB=1    -DBDW_USE_SCV=0 -o bdw_work/modules/tb/PIN/tb.o  tb.cc
/opt/tools/cadence/2019-20/RHELx86/STRATUS_19.25/tools.lnx86/stratus/gcc/4.8/bin/g++ -TP -I./ -Ibdw_work/wrappers    -c -DCLOCK_PERIOD=10    -fPIC  -I/opt/tools/cadence/2019-20/RHELx86/STRATUS_19.25/share/stratus/include -I/opt/tools/cadence/2019-20/RHELx86/STRATUS_19.25/tools.lnx86/stratus/systemc/2.3.1/include  -DBDW_HUB=1    -DBDW_USE_SCV=0 -o bdw_work/libesc/libesc.o /opt/tools/cadence/2019-20/RHELx86/STRATUS_19.25/share/stratus/source/libesc.cc
/opt/tools/cadence/2019-20/RHELx86/STRATUS_19.25/tools.lnx86/stratus/gcc/4.8/bin/g++ -TP -I./ -Ibdw_work/wrappers    -c -DCLOCK_PERIOD=10    -fPIC  -I/opt/tools/cadence/2019-20/RHELx86/STRATUS_19.25/share/stratus/include -I/opt/tools/cadence/2019-20/RHELx86/STRATUS_19.25/tools.lnx86/stratus/systemc/2.3.1/include  -DBDW_HUB=1    -DBDW_USE_SCV=0 -o bdw_work/libesc/esc_elab.o /opt/tools/cadence/2019-20/RHELx86/STRATUS_19.25/share/stratus/source/esc_elab.cc
/opt/tools/cadence/2019-20/RHELx86/STRATUS_19.25/tools.lnx86/stratus/gcc/4.8/bin/g++ -TP -I./ -Ibdw_work/wrappers    -c -DCLOCK_PERIOD=10    -fPIC  -I/opt/tools/cadence/2019-20/RHELx86/STRATUS_19.25/share/stratus/include -I/opt/tools/cadence/2019-20/RHELx86/STRATUS_19.25/tools.lnx86/stratus/systemc/2.3.1/include  -DBDW_HUB=1    -DBDW_USE_SCV=0 -o bdw_work/libesc/esc_cleanup.o /opt/tools/cadence/2019-20/RHELx86/STRATUS_19.25/share/stratus/source/esc_cleanup.cc
make[4]: Warning: File `Makefile' has modification time 242 s in the future
make[4]: warning:  Clock skew detected.  Your build may be incomplete.
/opt/tools/cadence/2019-20/RHELx86/STRATUS_19.25/bin/bdw_wrapgen -project project.tcl -simconfig BASIC_V -top top
/opt/tools/cadence/2019-20/RHELx86/STRATUS_19.25/tools.lnx86/stratus/gcc/4.8/bin/ar rc bdw_work/libesc/libesc.a bdw_work/libesc/libesc.o bdw_work/libesc/esc_elab.o bdw_work/libesc/esc_cleanup.o
/opt/tools/cadence/2019-20/RHELx86/STRATUS_19.25/tools.lnx86/stratus/gcc/4.8/bin/g++ -shared -Wl,-Bsymbolic  \
        -Wl,-rpath,/opt/tools/cadence/2019-20/RHELx86/STRATUS_19.25/tools.lnx86/stratus/lib/64bit \
        -Wl,-rpath,/opt/tools/cadence/2019-20/RHELx86/STRATUS_19.25/tools.lnx86/lib/64bit \
        -Wl,-rpath,/opt/tools/cadence/2019-20/RHELx86/STRATUS_19.25/tools.lnx86/stratus/systemc/2.3.1/lib-linux64 \
	-o bdw_work/sims/BASIC_V/sim_BASIC_V.so  \
	bdw_work/modules/fir/BASIC/fir.o bdw_work/modules/main/PIN/main.o bdw_work/modules/System/PIN/system.o bdw_work/modules/tb/PIN/tb.o  \
	 \
	 \
        bdw_work/libesc/libesc.a \
	 \
	-L /opt/tools/cadence/2019-20/RHELx86/STRATUS_19.25/tools.lnx86/lib/64bit -L /opt/tools/cadence/2019-20/RHELx86/STRATUS_19.25/tools.lnx86/stratus/lib/64bit  -L /opt/tools/cadence/2019-20/RHELx86/STRATUS_19.25/tools.lnx86/stratus/systemc/2.3.1/lib-linux64 -lscv -lsystemc  -lbdw_st   \
	-lm -lcrypt -ldl \
	2>&1 | perl /opt/tools/cadence/2019-20/RHELx86/STRATUS_19.25/tools.lnx86/stratus/lib/hub_link_filter.pl
make[3]: warning:  Clock skew detected.  Your build may be incomplete.
make[2]: warning:  Clock skew detected.  Your build may be incomplete.
make[2]: Warning: File `bdw_work/objs/fir.d' has modification time 252 s in the future
make --no-print-directory -f Makefile incisive
make[3]: Warning: File `bdw_work/objs/fir.d' has modification time 251 s in the future
make[4]: Warning: File `Makefile' has modification time 239 s in the future
make[4]: warning:  Clock skew detected.  Your build may be incomplete.

BDW_SIM_CONFIG_DIR=bdw_work/sims/BASIC_V \
bdw_exec -jobproject project.tcl -job sim.BASIC_V.s \
/opt/tools/cadence/2019-20/RHELx86/STRATUS_19.25/bin/hub_ncverilog \
	-f bdw_work/sims/BASIC_V/siminfo \
+libext+.v   +define+ioConfig_PIN +define+BDW_RTL_fir_BASIC \
	+nowarn+LIBNOU  +hubSetOption+libdef=bdw_work/sims/BASIC_V/sim_BASIC_V.so +hubSetOption+bdr=bdw_work/sims/BASIC_V/sim.bdr \
	-l bdw_work/sims/BASIC_V/bdw_sim_verilog.log \
	2>&1 | tee bdw_work/sims/BASIC_V/bdw_sim.log
simulator_composite = ncverilog15.20
Operating system Centos 7,
 GCC 4.8,
 and Cadence NC/IUS 15.20
are a supported combination.
irun(64): 15.20-s038: (c) Copyright 1995-2017 Cadence Design Systems, Inc.
file: bdw_work/sims/top_BASIC_V.v
	module worklib.top:v
		errors: 0, warnings: 0
file: bdw_work/wrappers/fir_cosim.v
	module worklib.fir_cosim:v
		errors: 0, warnings: 0
file: bdw_work/modules/fir/BASIC/fir_rtl.v
	module worklib.fir:v
		errors: 0, warnings: 0
file: bdw_work/modules/fir/BASIC/v_rtl/fir_logic_1.v
	module worklib.fir_logic_1:v
		errors: 0, warnings: 0
ncvlog: *W,SPDUSD: Include directory bdw_work/wrappers given but not used.
	Total errors/warnings found outside modules and primitives:
		errors: 0, warnings: 1
*** Registering Hub PLI1.0 Interface***
		Caching library 'worklib' ....... Done
	Elaborating the design hierarchy:
	Top level design units:
		top
	Building instance overlay tables: .................... Done
	Generating native compiled code:
		worklib.fir_logic_1:v <0x6aea39c2>
			streams:  77, words: 20147
		worklib.top:v <0x2368c621>
			streams: 122, words: 101519
	Building instance specific data structures.
	Loading native compiled code:     .................... Done
	Design hierarchy summary:
		                 Instances  Unique
		Modules:                 4       4
		Registers:             159     159
		Scalar wires:           28       -
		Vectored wires:         26       -
		Always blocks:          36      36
		Initial blocks:          7       7
		Cont. assignments:      34      41
		Pseudo assignments:     13      13
		Simulation timescale:  1ps
	Writing initial simulation snapshot: worklib.top:v
Loading snapshot worklib.top:v .................... Done
*** Registering Hub PLI1.0 Interface***
ncsim> source /opt/tools/cadence/2017-18/RHELx86/INCISIVE_15.20.038/tools/inca/files/ncsimrc
ncsim> 
ncsim> run

        SystemC 2.3.1-Accellera --- Jul 18 2019 10:33:46
        Copyright (c) 1996-2014 by all Contributors,
        ALL RIGHTS RESERVED
NOTE: Cadence Design Systems Hub Simulation Platform : version 19.25-s100

Info: (I804) /IEEE_Std_1666/deprecated: deprecated constructor: sc_time(uint64,bool)
Latency for sample 0 is 3
Testbench sink thread read 36 values.
ncsim: ../../../../systemc-2.3.1a/src/sysc/kernel/sc_cor_qt.cpp:109: virtual void sc_core::sc_cor_qt::stack_protect(bool): Assertion `ret == 0' failed.
ncsim: *F,INTERR: INTERNAL EXCEPTION
Observed simulation time : 410 NS + 0
-----------------------------------------------------------------
The tool has encountered an unexpected condition and must exit.
Contact Cadence Design Systems customer support about this
problem and provide enough information to help us reproduce it,
including the logfile that contains this error message.
  TOOL:	ncsim(64)	15.20-s038
  HOSTNAME: es-eda.ele.tue.nl
  OPERATING SYSTEM: Linux 3.10.0-1160.15.2.el7.x86_64 #1 SMP Wed Feb 3 15:06:38 UTC 2021 x86_64
  MESSAGE: Unexpected signal #6, program terminated (null)
-----------------------------------------------------------------
System task:  $sslScheduleDelayedAssignments
  file:  /opt/tools/cadence/2019-20/RHELx86/STRATUS_19.25/tools.lnx86/stratus/lib/hub.v
  line:  476
csi-ncsim - CSI: Cadence Support Investigation, sending details to /home/20200969/Estimation/stratus/simple_fir/ncsim_28121.err
csi-ncsim - CSI: investigation complete, send /home/20200969/Estimation/stratus/simple_fir/ncsim_28121.err to Cadence Support
BDW_SIM_CONFIG_DIR=bdw_work/sims/BASIC_V make cmp_result 2>&1 | tee -a bdw_work/sims/BASIC_V/bdw_sim.log
make[4]: Warning: File `bdw_work/objs/fir.d' has modification time 247 s in the future
****************************************
Wed Sep 7 10:40:25 CEST 2022
Performing Simulation Results Comparison
for BASIC_V Simulation...
  BASIC_V: SIMULATION PASSED
****************************************
make[4]: warning:  Clock skew detected.  Your build may be incomplete.
make[3]: warning:  Clock skew detected.  Your build may be incomplete.
make[2]: warning:  Clock skew detected.  Your build may be incomplete.
make[1]: warning:  Clock skew detected.  Your build may be incomplete.
